TN:
SF:src\middleware.ts
FN:5,middleware
FN:15,(anonymous_4)
FN:40,(anonymous_5)
FN:81,(anonymous_6)
FNF:4
FNH:0
FNDA:0,middleware
FNDA:0,(anonymous_4)
FNDA:0,(anonymous_5)
FNDA:0,(anonymous_6)
DA:1,0
DA:3,0
DA:5,0
DA:8,0
DA:10,0
DA:11,0
DA:14,0
DA:15,0
DA:18,0
DA:19,0
DA:23,0
DA:24,0
DA:28,0
DA:29,0
DA:30,0
DA:33,0
DA:34,0
DA:39,0
DA:40,0
DA:41,0
DA:44,0
DA:45,0
DA:48,0
DA:49,0
DA:50,0
DA:55,0
DA:58,0
DA:59,0
DA:60,0
DA:61,0
DA:67,0
DA:79,0
DA:81,0
DA:82,0
DA:85,0
DA:88,0
LF:36
LH:0
BRDA:18,0,0,0
BRDA:18,0,1,0
BRDA:18,1,0,0
BRDA:18,1,1,0
BRDA:23,2,0,0
BRDA:23,2,1,0
BRDA:23,3,0,0
BRDA:23,3,1,0
BRDA:28,4,0,0
BRDA:28,4,1,0
BRDA:28,5,0,0
BRDA:28,5,1,0
BRDA:33,6,0,0
BRDA:33,6,1,0
BRDA:33,7,0,0
BRDA:33,7,1,0
BRDA:44,8,0,0
BRDA:44,8,1,0
BRDA:44,9,0,0
BRDA:44,9,1,0
BRDA:49,10,0,0
BRDA:49,10,1,0
BRDA:49,11,0,0
BRDA:49,11,1,0
BRF:24
BRH:0
end_of_record
TN:
SF:src\app\layout.tsx
FN:19,RootLayout
FNF:1
FNH:0
FNDA:0,RootLayout
DA:2,0
DA:3,0
DA:5,0
DA:11,0
DA:17,0
DA:19,0
LF:6
LH:0
BRF:0
BRH:0
end_of_record
TN:
SF:src\app\not-found.tsx
FN:3,NotFound
FNF:1
FNH:0
FNDA:0,NotFound
DA:1,0
DA:3,0
LF:2
LH:0
BRF:0
BRH:0
end_of_record
TN:
SF:src\app\(dashboard)\layout.tsx
FN:19,DashboardLayout
FN:35,(anonymous_6)
FN:37,(anonymous_7)
FN:43,(anonymous_8)
FN:44,loadSessionAndConfig
FN:71,(anonymous_10)
FN:106,(anonymous_11)
FN:113,(anonymous_12)
FN:115,(anonymous_13)
FN:120,(anonymous_14)
FN:126,(anonymous_15)
FN:133,(anonymous_16)
FN:135,(anonymous_17)
FN:139,(anonymous_18)
FN:158,(anonymous_19)
FN:165,(anonymous_20)
FN:170,(anonymous_21)
FN:171,(anonymous_22)
FN:172,(anonymous_23)
FN:173,(anonymous_24)
FN:209,(anonymous_25)
FN:220,(anonymous_26)
FN:225,(anonymous_27)
FN:234,(anonymous_28)
FN:246,(anonymous_29)
FN:254,(anonymous_30)
FN:259,(anonymous_31)
FN:264,(anonymous_32)
FN:269,(anonymous_33)
FN:274,(anonymous_34)
FN:276,(anonymous_35)
FN:277,(anonymous_36)
FN:278,(anonymous_37)
FN:281,(anonymous_38)
FN:287,(anonymous_39)
FN:307,(anonymous_40)
FNF:36
FNH:0
FNDA:0,DashboardLayout
FNDA:0,(anonymous_6)
FNDA:0,(anonymous_7)
FNDA:0,(anonymous_8)
FNDA:0,loadSessionAndConfig
FNDA:0,(anonymous_10)
FNDA:0,(anonymous_11)
FNDA:0,(anonymous_12)
FNDA:0,(anonymous_13)
FNDA:0,(anonymous_14)
FNDA:0,(anonymous_15)
FNDA:0,(anonymous_16)
FNDA:0,(anonymous_17)
FNDA:0,(anonymous_18)
FNDA:0,(anonymous_19)
FNDA:0,(anonymous_20)
FNDA:0,(anonymous_21)
FNDA:0,(anonymous_22)
FNDA:0,(anonymous_23)
FNDA:0,(anonymous_24)
FNDA:0,(anonymous_25)
FNDA:0,(anonymous_26)
FNDA:0,(anonymous_27)
FNDA:0,(anonymous_28)
FNDA:0,(anonymous_29)
FNDA:0,(anonymous_30)
FNDA:0,(anonymous_31)
FNDA:0,(anonymous_32)
FNDA:0,(anonymous_33)
FNDA:0,(anonymous_34)
FNDA:0,(anonymous_35)
FNDA:0,(anonymous_36)
FNDA:0,(anonymous_37)
FNDA:0,(anonymous_38)
FNDA:0,(anonymous_39)
FNDA:0,(anonymous_40)
DA:3,0
DA:4,0
DA:5,0
DA:6,0
DA:7,0
DA:9,0
DA:10,0
DA:11,0
DA:12,0
DA:13,0
DA:14,0
DA:15,0
DA:16,0
DA:17,0
DA:19,0
DA:24,0
DA:25,0
DA:26,0
DA:28,0
DA:29,0
DA:30,0
DA:31,0
DA:32,0
DA:33,0
DA:35,0
DA:37,0
DA:39,0
DA:40,0
DA:43,0
DA:45,0
DA:46,0
DA:47,0
DA:48,0
DA:50,0
DA:51,0
DA:52,0
DA:53,0
DA:54,0
DA:57,0
DA:60,0
DA:61,0
DA:62,0
DA:63,0
DA:66,0
DA:69,0
DA:70,0
DA:71,0
DA:72,0
DA:73,0
DA:74,0
DA:75,0
DA:76,0
DA:81,0
DA:82,0
DA:83,0
DA:84,0
DA:89,0
DA:94,0
DA:95,0
DA:97,0
DA:98,0
DA:102,0
DA:106,0
DA:107,0
DA:109,0
DA:113,0
DA:114,0
DA:115,0
DA:116,0
DA:118,0
DA:120,0
DA:121,0
DA:122,0
DA:126,0
DA:127,0
DA:128,0
DA:130,0
DA:131,0
DA:132,0
DA:133,0
DA:134,0
DA:135,0
DA:136,0
DA:139,0
DA:141,0
DA:142,0
DA:145,0
DA:146,0
DA:158,0
DA:159,0
DA:160,0
DA:161,0
DA:164,0
DA:165,0
DA:167,0
DA:168,0
DA:169,0
DA:170,0
DA:171,0
DA:172,0
DA:173,0
DA:175,0
DA:176,0
DA:177,0
DA:179,0
DA:180,0
DA:181,0
DA:185,0
DA:186,0
DA:187,0
DA:188,0
DA:189,0
DA:191,0
DA:197,0
DA:199,0
DA:200,0
DA:204,0
DA:205,0
DA:206,0
DA:207,0
DA:208,0
DA:209,0
DA:210,0
DA:212,0
DA:215,0
DA:217,0
DA:220,0
DA:222,0
DA:225,0
DA:228,0
DA:229,0
DA:230,0
DA:233,0
DA:234,0
DA:235,0
DA:236,0
DA:240,0
DA:244,0
DA:246,0
DA:247,0
DA:248,0
DA:249,0
DA:254,0
DA:255,0
DA:256,0
DA:259,0
DA:260,0
DA:261,0
DA:264,0
DA:265,0
DA:266,0
DA:269,0
DA:270,0
DA:271,0
DA:274,0
DA:275,0
DA:276,0
DA:277,0
DA:278,0
DA:281,0
DA:282,0
DA:283,0
DA:284,0
DA:287,0
DA:288,0
DA:289,0
DA:290,0
DA:293,0
DA:307,0
DA:319,0
LF:170
LH:0
BRDA:35,0,0,0
BRDA:35,0,1,0
BRDA:48,1,0,0
BRDA:48,1,1,0
BRDA:50,2,0,0
BRDA:50,2,1,0
BRDA:52,3,0,0
BRDA:52,3,1,0
BRDA:53,4,0,0
BRDA:53,4,1,0
BRDA:54,5,0,0
BRDA:54,5,1,0
BRDA:62,6,0,0
BRDA:62,6,1,0
BRDA:69,7,0,0
BRDA:69,7,1,0
BRDA:74,8,0,0
BRDA:74,8,1,0
BRDA:81,9,0,0
BRDA:81,9,1,0
BRDA:82,10,0,0
BRDA:82,10,1,0
BRDA:83,11,0,0
BRDA:83,11,1,0
BRDA:107,12,0,0
BRDA:107,12,1,0
BRDA:116,13,0,0
BRDA:116,13,1,0
BRDA:121,14,0,0
BRDA:121,14,1,0
BRDA:121,15,0,0
BRDA:121,15,1,0
BRDA:127,16,0,0
BRDA:127,16,1,0
BRDA:127,17,0,0
BRDA:127,17,1,0
BRDA:130,18,0,0
BRDA:130,18,1,0
BRDA:131,19,0,0
BRDA:131,19,1,0
BRDA:145,20,0,0
BRDA:145,20,1,0
BRDA:159,21,0,0
BRDA:159,21,1,0
BRDA:167,22,0,0
BRDA:167,22,1,0
BRDA:181,23,0,0
BRDA:181,23,1,0
BRDA:185,24,0,0
BRDA:185,24,1,0
BRDA:188,25,0,0
BRDA:188,25,1,0
BRDA:191,26,0,0
BRDA:191,26,1,0
BRDA:191,27,0,0
BRDA:191,27,1,0
BRDA:199,28,0,0
BRDA:199,28,1,0
BRDA:204,29,0,0
BRDA:204,29,1,0
BRDA:215,30,0,0
BRDA:215,30,1,0
BRDA:218,31,0,0
BRDA:218,31,1,0
BRDA:233,32,0,0
BRDA:233,32,1,0
BRDA:248,33,0,0
BRDA:248,33,1,0
BRDA:249,34,0,0
BRDA:249,34,1,0
BRDA:284,35,0,0
BRDA:284,35,1,0
BRDA:293,36,0,0
BRDA:293,36,1,0
BRDA:304,37,0,0
BRDA:319,38,0,0
BRDA:319,38,1,0
BRDA:328,39,0,0
BRDA:341,40,0,0
BRDA:341,40,1,0
BRDA:341,41,0,0
BRDA:341,41,1,0
BRDA:362,42,0,0
BRDA:362,42,1,0
BRDA:375,43,0,0
BRDA:375,43,1,0
BRDA:376,44,0,0
BRDA:376,44,1,0
BRDA:405,45,0,0
BRDA:405,45,1,0
BRDA:405,46,0,0
BRDA:405,46,1,0
BRDA:407,47,0,0
BRDA:407,47,1,0
BRDA:407,48,0,0
BRDA:407,48,1,0
BRDA:420,49,0,0
BRDA:420,49,1,0
BRDA:428,50,0,0
BRDA:428,50,1,0
BRDA:428,51,0,0
BRDA:428,51,1,0
BRDA:430,52,0,0
BRDA:430,52,1,0
BRDA:430,53,0,0
BRDA:430,53,1,0
BRDA:477,54,0,0
BRDA:477,54,1,0
BRDA:485,55,0,0
BRDA:485,55,1,0
BRDA:485,56,0,0
BRDA:485,56,1,0
BRDA:487,57,0,0
BRDA:487,57,1,0
BRDA:487,58,0,0
BRDA:487,58,1,0
BRDA:496,59,0,0
BRDA:496,59,1,0
BRDA:497,60,0,0
BRDA:497,60,1,0
BRF:120
BRH:0
end_of_record
TN:
SF:src\app\(dashboard)\loading.tsx
FN:5,Loading
FN:22,(anonymous_3)
FN:51,(anonymous_4)
FNF:3
FNH:0
FNDA:0,Loading
FNDA:0,(anonymous_3)
FNDA:0,(anonymous_4)
DA:3,0
DA:5,0
DA:23,0
DA:52,0
LF:4
LH:0
BRF:0
BRH:0
end_of_record
TN:
SF:src\app\(dashboard)\page.tsx
FN:21,(anonymous_5)
FN:21,(anonymous_6)
FN:22,(anonymous_8)
FN:22,(anonymous_9)
FN:23,(anonymous_11)
FN:23,(anonymous_12)
FN:24,(anonymous_14)
FN:24,(anonymous_15)
FN:25,(anonymous_17)
FN:25,(anonymous_18)
FN:26,(anonymous_20)
FN:26,(anonymous_21)
FN:27,(anonymous_23)
FN:27,(anonymous_24)
FN:28,(anonymous_26)
FN:28,(anonymous_27)
FN:29,(anonymous_29)
FN:29,(anonymous_30)
FN:30,(anonymous_32)
FN:30,(anonymous_33)
FN:30,(anonymous_34)
FN:31,(anonymous_36)
FN:31,(anonymous_37)
FN:35,DashboardPage
FN:54,(anonymous_40)
FN:58,(anonymous_41)
FN:62,(anonymous_42)
FN:68,(anonymous_43)
FN:78,(anonymous_44)
FN:79,(anonymous_45)
FN:82,loadDashboardData
FN:289,(anonymous_47)
FN:301,(anonymous_48)
FN:322,(anonymous_49)
FN:324,(anonymous_50)
FN:368,(anonymous_51)
FN:388,(anonymous_52)
FN:389,(anonymous_53)
FN:497,(anonymous_54)
FN:500,(anonymous_55)
FN:526,(anonymous_56)
FN:543,(anonymous_57)
FN:544,(anonymous_58)
FN:545,(anonymous_59)
FN:547,(anonymous_60)
FN:548,(anonymous_61)
FN:550,(anonymous_62)
FN:560,(anonymous_63)
FNF:48
FNH:0
FNDA:0,(anonymous_5)
FNDA:0,(anonymous_6)
FNDA:0,(anonymous_8)
FNDA:0,(anonymous_9)
FNDA:0,(anonymous_11)
FNDA:0,(anonymous_12)
FNDA:0,(anonymous_14)
FNDA:0,(anonymous_15)
FNDA:0,(anonymous_17)
FNDA:0,(anonymous_18)
FNDA:0,(anonymous_20)
FNDA:0,(anonymous_21)
FNDA:0,(anonymous_23)
FNDA:0,(anonymous_24)
FNDA:0,(anonymous_26)
FNDA:0,(anonymous_27)
FNDA:0,(anonymous_29)
FNDA:0,(anonymous_30)
FNDA:0,(anonymous_32)
FNDA:0,(anonymous_33)
FNDA:0,(anonymous_34)
FNDA:0,(anonymous_36)
FNDA:0,(anonymous_37)
FNDA:0,DashboardPage
FNDA:0,(anonymous_40)
FNDA:0,(anonymous_41)
FNDA:0,(anonymous_42)
FNDA:0,(anonymous_43)
FNDA:0,(anonymous_44)
FNDA:0,(anonymous_45)
FNDA:0,loadDashboardData
FNDA:0,(anonymous_47)
FNDA:0,(anonymous_48)
FNDA:0,(anonymous_49)
FNDA:0,(anonymous_50)
FNDA:0,(anonymous_51)
FNDA:0,(anonymous_52)
FNDA:0,(anonymous_53)
FNDA:0,(anonymous_54)
FNDA:0,(anonymous_55)
FNDA:0,(anonymous_56)
FNDA:0,(anonymous_57)
FNDA:0,(anonymous_58)
FNDA:0,(anonymous_59)
FNDA:0,(anonymous_60)
FNDA:0,(anonymous_61)
FNDA:0,(anonymous_62)
FNDA:0,(anonymous_63)
DA:3,0
DA:4,0
DA:5,0
DA:6,0
DA:16,0
DA:17,0
DA:18,0
DA:19,0
DA:21,0
DA:22,0
DA:23,0
DA:24,0
DA:25,0
DA:26,0
DA:27,0
DA:28,0
DA:29,0
DA:30,0
DA:31,0
DA:33,0
DA:35,0
DA:36,0
DA:37,0
DA:38,0
DA:39,0
DA:40,0
DA:41,0
DA:42,0
DA:43,0
DA:44,0
DA:45,0
DA:47,0
DA:48,0
DA:49,0
DA:50,0
DA:51,0
DA:52,0
DA:54,0
DA:55,0
DA:56,0
DA:58,0
DA:59,0
DA:61,0
DA:62,0
DA:63,0
DA:68,0
DA:69,0
DA:70,0
DA:71,0
DA:72,0
DA:74,0
DA:75,0
DA:78,0
DA:79,0
DA:80,0
DA:81,0
DA:83,0
DA:84,0
DA:85,0
DA:86,0
DA:87,0
DA:89,0
DA:90,0
DA:91,0
DA:92,0
DA:93,0
DA:95,0
DA:96,0
DA:97,0
DA:100,0
DA:101,0
DA:105,0
DA:115,0
DA:116,0
DA:117,0
DA:124,0
DA:131,0
DA:139,0
DA:163,0
DA:170,0
DA:172,0
DA:208,0
DA:228,0
DA:231,0
DA:246,0
DA:249,0
DA:256,0
DA:259,0
DA:260,0
DA:267,0
DA:270,0
DA:271,0
DA:273,0
DA:274,0
DA:278,0
DA:281,0
DA:290,0
DA:302,0
DA:323,0
DA:324,0
DA:325,0
DA:327,0
DA:369,0
DA:370,0
DA:372,0
DA:379,0
DA:386,0
DA:387,0
DA:388,0
DA:389,0
DA:415,0
DA:416,0
DA:423,0
DA:498,0
DA:501,0
DA:502,0
DA:503,0
DA:504,0
DA:505,0
DA:527,0
DA:543,0
DA:544,0
DA:545,0
DA:547,0
DA:548,0
DA:550,0
DA:560,0
LF:127
LH:0
BRDA:55,0,0,0
BRDA:55,0,1,0
BRDA:71,1,0,0
BRDA:71,1,1,0
BRDA:79,2,0,0
BRDA:79,2,1,0
BRDA:86,3,0,0
BRDA:86,3,1,0
BRDA:87,4,0,0
BRDA:87,4,1,0
BRDA:90,5,0,0
BRDA:90,5,1,0
BRDA:101,6,0,0
BRDA:101,6,1,0
BRDA:116,7,0,0
BRDA:116,7,1,0
BRDA:164,8,0,0
BRDA:164,8,1,0
BRDA:165,9,0,0
BRDA:165,9,1,0
BRDA:166,10,0,0
BRDA:166,10,1,0
BRDA:167,11,0,0
BRDA:167,11,1,0
BRDA:179,12,0,0
BRDA:179,12,1,0
BRDA:228,13,0,0
BRDA:228,13,1,0
BRDA:246,14,0,0
BRDA:246,14,1,0
BRDA:256,15,0,0
BRDA:256,15,1,0
BRDA:259,16,0,0
BRDA:259,16,1,0
BRDA:267,17,0,0
BRDA:267,17,1,0
BRDA:281,18,0,0
BRDA:281,18,1,0
BRDA:320,19,0,0
BRDA:349,20,0,0
BRDA:349,20,1,0
BRDA:355,21,0,0
BRDA:355,21,1,0
BRDA:386,22,0,0
BRDA:386,22,1,0
BRDA:387,23,0,0
BRDA:387,23,1,0
BRDA:404,24,0,0
BRDA:404,24,1,0
BRDA:405,25,0,0
BRDA:406,26,0,0
BRDA:406,26,1,0
BRDA:415,27,0,0
BRDA:415,27,1,0
BRDA:438,28,0,0
BRDA:438,28,1,0
BRDA:438,28,2,0
BRDA:439,29,0,0
BRDA:439,29,1,0
BRDA:497,30,0,0
BRDA:504,31,0,0
BRDA:504,31,1,0
BRDA:504,32,0,0
BRDA:504,32,1,0
BRDA:510,33,0,0
BRDA:510,33,1,0
BRDA:522,34,0,0
BRDA:522,34,1,0
BRDA:539,35,0,0
BRDA:539,35,1,0
BRDA:543,36,0,0
BRDA:543,36,1,0
BRDA:544,37,0,0
BRDA:544,37,1,0
BRDA:545,38,0,0
BRDA:545,38,1,0
BRDA:547,39,0,0
BRDA:547,39,1,0
BRDA:553,40,0,0
BRDA:553,40,1,0
BRDA:555,41,0,0
BRDA:555,41,1,0
BRF:82
BRH:0
end_of_record
TN:
SF:src\app\(dashboard)\accounts\page.tsx
FN:5,AccountsPage
FNF:1
FNH:0
FNDA:0,AccountsPage
DA:1,0
DA:2,0
DA:3,0
DA:5,0
LF:4
LH:0
BRF:0
BRH:0
end_of_record
TN:
SF:src\app\(dashboard)\accounts\cash-transactions\page.tsx
FN:9,CashTransactionsPage
FNF:1
FNH:0
FNDA:0,CashTransactionsPage
DA:1,0
DA:2,0
DA:4,0
DA:9,0
LF:4
LH:0
BRF:0
BRH:0
end_of_record
TN:
SF:src\app\(dashboard)\accounts\settings\trial-balance\page.tsx
FN:9,TrialBalanceSettingsPage
FNF:1
FNH:0
FNDA:0,TrialBalanceSettingsPage
DA:1,0
DA:2,0
DA:4,0
DA:9,0
LF:4
LH:0
BRF:0
BRH:0
end_of_record
TN:
SF:src\app\(dashboard)\audit\page.tsx
FN:10,AuditPage
FN:19,(anonymous_6)
FN:45,(anonymous_7)
FN:79,(anonymous_8)
FN:90,(anonymous_9)
FNF:5
FNH:0
FNDA:0,AuditPage
FNDA:0,(anonymous_6)
FNDA:0,(anonymous_7)
FNDA:0,(anonymous_8)
FNDA:0,(anonymous_9)
DA:3,0
DA:4,0
DA:6,0
DA:7,0
DA:8,0
DA:10,0
DA:11,0
DA:12,0
DA:13,0
DA:14,0
DA:15,0
DA:16,0
DA:17,0
DA:19,0
DA:20,0
DA:21,0
DA:22,0
DA:23,0
DA:25,0
DA:27,0
DA:28,0
DA:30,0
DA:31,0
DA:32,0
DA:33,0
DA:34,0
DA:35,0
DA:39,0
DA:41,0
DA:45,0
DA:46,0
DA:49,0
DA:57,0
DA:58,0
DA:80,0
DA:91,0
LF:36
LH:0
BRDA:22,0,0,0
BRDA:22,0,1,0
BRDA:27,1,0,0
BRDA:27,1,1,0
BRDA:31,2,0,0
BRDA:31,2,1,0
BRDA:31,3,0,0
BRDA:31,3,1,0
BRDA:32,4,0,0
BRDA:32,4,1,0
BRDA:33,5,0,0
BRDA:33,5,1,0
BRDA:34,6,0,0
BRDA:34,6,1,0
BRDA:35,7,0,0
BRDA:35,7,1,0
BRDA:49,8,0,0
BRDA:49,8,1,0
BRDA:57,9,0,0
BRDA:57,9,1,0
BRDA:57,10,0,0
BRDA:57,10,1,0
BRF:22
BRH:0
end_of_record
TN:
SF:src\app\(dashboard)\expenses\page.tsx
FN:8,ExpensesPage
FN:13,(anonymous_6)
FN:14,checkAuth
FNF:3
FNH:0
FNDA:0,ExpensesPage
FNDA:0,(anonymous_6)
FNDA:0,checkAuth
DA:2,0
DA:3,0
DA:4,0
DA:6,0
DA:8,0
DA:9,0
DA:10,0
DA:11,0
DA:13,0
DA:15,0
DA:16,0
DA:17,0
DA:19,0
DA:20,0
DA:23,0
DA:26,0
DA:34,0
LF:17
LH:0
BRDA:16,0,0,0
BRDA:16,0,1,0
BRDA:26,1,0,0
BRDA:26,1,1,0
BRDA:34,2,0,0
BRDA:34,2,1,0
BRF:6
BRH:0
end_of_record
TN:
SF:src\app\(dashboard)\finance\accounts\page.tsx
FN:8,AccountsPage
FNF:1
FNH:0
FNDA:0,AccountsPage
DA:1,0
DA:2,0
DA:4,0
DA:8,0
LF:4
LH:0
BRF:0
BRH:0
end_of_record
TN:
SF:src\app\(dashboard)\finance\banks\page.tsx
FN:8,BanksPage
FNF:1
FNH:0
FNDA:0,BanksPage
DA:1,0
DA:2,0
DA:4,0
DA:8,0
LF:4
LH:0
BRF:0
BRH:0
end_of_record
TN:
SF:src\app\(dashboard)\finance\cards\page.tsx
FN:8,CardsPage
FNF:1
FNH:0
FNDA:0,CardsPage
DA:1,0
DA:2,0
DA:4,0
DA:8,0
LF:4
LH:0
BRF:0
BRH:0
end_of_record
TN:
SF:src\app\(dashboard)\finance\handover\page.tsx
FN:11,HandoverPage
FN:17,(anonymous_6)
FN:18,checkShift
FNF:3
FNH:0
FNDA:0,HandoverPage
FNDA:0,(anonymous_6)
FNDA:0,checkShift
DA:3,0
DA:4,0
DA:5,0
DA:6,0
DA:7,0
DA:8,0
DA:9,0
DA:11,0
DA:12,0
DA:13,0
DA:14,0
DA:15,0
DA:17,0
DA:19,0
DA:20,0
DA:21,0
DA:22,0
DA:24,0
DA:26,0
DA:27,0
DA:28,0
DA:29,0
DA:30,0
DA:32,0
DA:37,0
DA:39,0
DA:43,0
DA:46,0
DA:54,0
DA:55,0
DA:58,0
LF:31
LH:0
BRDA:21,0,0,0
BRDA:21,0,1,0
BRDA:26,1,0,0
BRDA:26,1,1,0
BRDA:29,2,0,0
BRDA:29,2,1,0
BRDA:30,3,0,0
BRDA:30,3,1,0
BRDA:46,4,0,0
BRDA:46,4,1,0
BRDA:54,5,0,0
BRDA:54,5,1,0
BRDA:54,6,0,0
BRDA:54,6,1,0
BRDA:58,7,0,0
BRDA:58,7,1,0
BRF:16
BRH:0
end_of_record
TN:
SF:src\app\(dashboard)\finance\pos-management\page.tsx
FN:8,PosManagementPage
FNF:1
FNH:0
FNDA:0,PosManagementPage
DA:1,0
DA:2,0
DA:4,0
DA:8,0
LF:4
LH:0
BRF:0
BRH:0
end_of_record
TN:
SF:src\app\(dashboard)\interactions\page.tsx
FN:8,InteractionsPage
FN:14,(anonymous_6)
FN:15,loadInteractions
FNF:3
FNH:0
FNDA:0,InteractionsPage
FNDA:0,(anonymous_6)
FNDA:0,loadInteractions
DA:3,0
DA:4,0
DA:5,0
DA:6,0
DA:8,0
DA:9,0
DA:10,0
DA:11,0
DA:12,0
DA:14,0
DA:16,0
DA:17,0
DA:18,0
DA:19,0
DA:21,0
DA:22,0
DA:23,0
DA:24,0
DA:26,0
DA:33,0
DA:34,0
DA:36,0
DA:38,0
DA:42,0
DA:45,0
DA:53,0
DA:54,0
LF:27
LH:0
BRDA:18,0,0,0
BRDA:18,0,1,0
BRDA:27,1,0,0
BRDA:27,1,1,0
BRDA:28,2,0,0
BRDA:28,2,1,0
BRDA:29,3,0,0
BRDA:29,3,1,0
BRDA:30,4,0,0
BRDA:30,4,1,0
BRDA:34,5,0,0
BRDA:34,5,1,0
BRDA:45,6,0,0
BRDA:45,6,1,0
BRDA:53,7,0,0
BRDA:53,7,1,0
BRF:16
BRH:0
end_of_record
TN:
SF:src\app\(dashboard)\inventory\loading.tsx
FN:5,InventoryLoading
FN:32,(anonymous_3)
FNF:2
FNH:0
FNDA:0,InventoryLoading
FNDA:0,(anonymous_3)
DA:3,0
DA:5,0
DA:33,0
LF:3
LH:0
BRF:0
BRH:0
end_of_record
TN:
SF:src\app\(dashboard)\inventory\page.tsx
FN:10,InventoryPageContent
FN:18,(anonymous_6)
FN:18,(anonymous_7)
FN:20,(anonymous_8)
FN:22,loadInventory
FN:42,(anonymous_10)
FN:46,(anonymous_11)
FN:80,InventoryPage
FNF:8
FNH:0
FNDA:0,InventoryPageContent
FNDA:0,(anonymous_6)
FNDA:0,(anonymous_7)
FNDA:0,(anonymous_8)
FNDA:0,loadInventory
FNDA:0,(anonymous_10)
FNDA:0,(anonymous_11)
FNDA:0,InventoryPage
DA:3,0
DA:4,0
DA:5,0
DA:6,0
DA:7,0
DA:8,0
DA:11,0
DA:12,0
DA:13,0
DA:14,0
DA:15,0
DA:16,0
DA:18,0
DA:20,0
DA:21,0
DA:23,0
DA:24,0
DA:25,0
DA:26,0
DA:29,0
DA:30,0
DA:31,0
DA:32,0
DA:33,0
DA:36,0
DA:38,0
DA:42,0
DA:43,0
DA:46,0
DA:47,0
DA:48,0
DA:52,0
DA:80,0
LF:33
LH:0
BRDA:13,0,0,0
BRDA:13,0,1,0
BRDA:25,1,0,0
BRDA:25,1,1,0
BRDA:25,2,0,0
BRDA:25,2,1,0
BRDA:26,3,0,0
BRDA:26,3,1,0
BRDA:30,4,0,0
BRDA:30,4,1,0
BRDA:30,5,0,0
BRDA:30,5,1,0
BRDA:32,6,0,0
BRDA:32,6,1,0
BRDA:32,7,0,0
BRDA:32,7,1,0
BRDA:38,8,0,0
BRDA:38,8,1,0
BRDA:44,9,0,0
BRDA:44,9,1,0
BRDA:52,10,0,0
BRDA:52,10,1,0
BRDA:52,11,0,0
BRDA:52,11,1,0
BRF:24
BRH:0
end_of_record
TN:
SF:src\app\(dashboard)\inventory\item-movements\page.tsx
FN:10,extractDrugName
FN:32,ItemMovementsPage
FN:38,(anonymous_7)
FN:39,loadMovements
FN:71,(anonymous_9)
FN:99,(anonymous_10)
FN:118,(anonymous_11)
FNF:7
FNH:0
FNDA:0,extractDrugName
FNDA:0,ItemMovementsPage
FNDA:0,(anonymous_7)
FNDA:0,loadMovements
FNDA:0,(anonymous_9)
FNDA:0,(anonymous_10)
FNDA:0,(anonymous_11)
DA:3,0
DA:4,0
DA:5,0
DA:6,0
DA:7,0
DA:8,0
DA:11,0
DA:13,0
DA:14,0
DA:15,0
DA:16,0
DA:17,0
DA:18,0
DA:19,0
DA:20,0
DA:21,0
DA:24,0
DA:25,0
DA:26,0
DA:29,0
DA:32,0
DA:33,0
DA:34,0
DA:35,0
DA:36,0
DA:38,0
DA:40,0
DA:41,0
DA:42,0
DA:43,0
DA:44,0
DA:45,0
DA:46,0
DA:48,0
DA:52,0
DA:54,0
DA:58,0
DA:61,0
DA:69,0
DA:71,0
DA:72,0
DA:73,0
DA:74,0
DA:99,0
DA:119,0
LF:45
LH:0
BRDA:11,0,0,0
BRDA:11,0,1,0
BRDA:13,1,0,0
BRDA:13,1,1,0
BRDA:15,2,0,0
BRDA:15,2,1,0
BRDA:16,3,0,0
BRDA:16,3,1,0
BRDA:16,4,0,0
BRDA:16,4,1,0
BRDA:18,5,0,0
BRDA:18,5,1,0
BRDA:19,6,0,0
BRDA:19,6,1,0
BRDA:21,7,0,0
BRDA:21,7,1,0
BRDA:25,8,0,0
BRDA:25,8,1,0
BRDA:42,9,0,0
BRDA:42,9,1,0
BRDA:45,10,0,0
BRDA:45,10,1,0
BRDA:46,11,0,0
BRDA:46,11,1,0
BRDA:61,12,0,0
BRDA:61,12,1,0
BRDA:69,13,0,0
BRDA:69,13,1,0
BRDA:73,14,0,0
BRDA:73,14,1,0
BRDA:73,15,0,0
BRDA:73,15,1,0
BRDA:124,16,0,0
BRDA:124,16,1,0
BRDA:125,17,0,0
BRDA:125,17,1,0
BRDA:126,18,0,0
BRDA:126,18,1,0
BRDA:134,19,0,0
BRDA:134,19,1,0
BRDA:134,19,2,0
BRDA:138,20,0,0
BRF:42
BRH:0
end_of_record
TN:
SF:src\app\(dashboard)\inventory\low-stock\LowStockClient.tsx
FN:41,LowStockClient
FN:45,(anonymous_6)
FN:46,(anonymous_7)
FN:64,(anonymous_8)
FN:64,(anonymous_9)
FN:65,(anonymous_10)
FN:65,(anonymous_11)
FN:67,(anonymous_12)
FN:82,(anonymous_13)
FN:89,(anonymous_14)
FN:95,(anonymous_15)
FN:101,(anonymous_16)
FN:128,(anonymous_17)
FNF:13
FNH:0
FNDA:0,LowStockClient
FNDA:0,(anonymous_6)
FNDA:0,(anonymous_7)
FNDA:0,(anonymous_8)
FNDA:0,(anonymous_9)
FNDA:0,(anonymous_10)
FNDA:0,(anonymous_11)
FNDA:0,(anonymous_12)
FNDA:0,(anonymous_13)
FNDA:0,(anonymous_14)
FNDA:0,(anonymous_15)
FNDA:0,(anonymous_16)
FNDA:0,(anonymous_17)
DA:3,0
DA:15,0
DA:16,0
DA:41,0
DA:42,0
DA:43,0
DA:45,0
DA:46,0
DA:48,0
DA:54,0
DA:56,0
DA:57,0
DA:58,0
DA:60,0
DA:64,0
DA:65,0
DA:67,0
DA:68,0
DA:82,0
DA:89,0
DA:95,0
DA:101,0
DA:129,0
DA:130,0
DA:131,0
DA:133,0
LF:26
LH:0
BRDA:48,0,0,0
BRDA:48,0,1,0
BRDA:48,0,2,0
BRDA:48,0,3,0
BRDA:48,0,4,0
BRDA:48,0,5,0
BRDA:48,0,6,0
BRDA:48,0,7,0
BRDA:48,0,8,0
BRDA:54,1,0,0
BRDA:54,1,1,0
BRDA:56,2,0,0
BRDA:56,2,1,0
BRDA:56,3,0,0
BRDA:56,3,1,0
BRDA:57,4,0,0
BRDA:57,4,1,0
BRDA:57,5,0,0
BRDA:57,5,1,0
BRDA:57,6,0,0
BRDA:57,6,1,0
BRDA:58,7,0,0
BRDA:58,7,1,0
BRDA:58,8,0,0
BRDA:58,8,1,0
BRDA:58,9,0,0
BRDA:58,9,1,0
BRDA:64,10,0,0
BRDA:64,10,1,0
BRDA:65,11,0,0
BRDA:65,11,1,0
BRDA:65,12,0,0
BRDA:65,12,1,0
BRDA:90,13,0,0
BRDA:90,13,1,0
BRDA:96,14,0,0
BRDA:96,14,1,0
BRDA:102,15,0,0
BRDA:102,15,1,0
BRDA:129,16,0,0
BRDA:129,16,1,0
BRDA:130,17,0,0
BRDA:130,17,1,0
BRDA:131,18,0,0
BRDA:131,18,1,0
BRDA:137,19,0,0
BRDA:137,19,1,0
BRDA:139,20,0,0
BRDA:139,20,1,0
BRDA:148,21,0,0
BRDA:148,21,1,0
BRDA:154,22,0,0
BRDA:154,22,1,0
BRDA:156,23,0,0
BRDA:156,23,1,0
BRDA:160,24,0,0
BRDA:160,24,1,0
BRDA:160,25,0,0
BRDA:160,25,1,0
BRDA:167,26,0,0
BRDA:167,26,1,0
BRDA:176,27,0,0
BRDA:176,27,1,0
BRDA:178,28,0,0
BRDA:184,29,0,0
BRDA:184,29,1,0
BRDA:190,30,0,0
BRDA:190,30,1,0
BRDA:208,31,0,0
BRDA:208,31,1,0
BRDA:208,31,2,0
BRDA:135,32,0,0
BRDA:135,32,1,0
BRDA:219,33,0,0
BRF:74
BRH:0
end_of_record
TN:
SF:src\app\(dashboard)\inventory\low-stock\page.tsx
FN:11,LowStockPage
FN:17,(anonymous_6)
FN:18,loadLowStock
FNF:3
FNH:0
FNDA:0,LowStockPage
FNDA:0,(anonymous_6)
FNDA:0,loadLowStock
DA:3,0
DA:4,0
DA:5,0
DA:6,0
DA:7,0
DA:8,0
DA:9,0
DA:11,0
DA:12,0
DA:13,0
DA:14,0
DA:15,0
DA:17,0
DA:19,0
DA:20,0
DA:21,0
DA:22,0
DA:24,0
DA:26,0
DA:27,0
DA:28,0
DA:29,0
DA:30,0
DA:35,0
DA:37,0
DA:41,0
DA:44,0
DA:52,0
DA:53,0
LF:29
LH:0
BRDA:21,0,0,0
BRDA:21,0,1,0
BRDA:26,1,0,0
BRDA:26,1,1,0
BRDA:29,2,0,0
BRDA:29,2,1,0
BRDA:30,3,0,0
BRDA:30,3,1,0
BRDA:44,4,0,0
BRDA:44,4,1,0
BRDA:52,5,0,0
BRDA:52,5,1,0
BRDA:52,6,0,0
BRDA:52,6,1,0
BRF:14
BRH:0
end_of_record
TN:
SF:src\app\(dashboard)\inventory\opening-balances\page.tsx
FN:10,OpeningBalancesPage
FN:17,(anonymous_6)
FN:18,loadOpeningBalances
FN:58,(anonymous_8)
FN:88,(anonymous_9)
FN:104,(anonymous_10)
FNF:6
FNH:0
FNDA:0,OpeningBalancesPage
FNDA:0,(anonymous_6)
FNDA:0,loadOpeningBalances
FNDA:0,(anonymous_8)
FNDA:0,(anonymous_9)
FNDA:0,(anonymous_10)
DA:3,0
DA:4,0
DA:5,0
DA:6,0
DA:7,0
DA:8,0
DA:10,0
DA:11,0
DA:12,0
DA:13,0
DA:14,0
DA:15,0
DA:17,0
DA:19,0
DA:20,0
DA:21,0
DA:22,0
DA:24,0
DA:26,0
DA:27,0
DA:28,0
DA:29,0
DA:30,0
DA:32,0
DA:37,0
DA:39,0
DA:43,0
DA:46,0
DA:54,0
DA:55,0
DA:58,0
DA:59,0
DA:60,0
DA:88,0
DA:105,0
LF:35
LH:0
BRDA:21,0,0,0
BRDA:21,0,1,0
BRDA:26,1,0,0
BRDA:26,1,1,0
BRDA:29,2,0,0
BRDA:29,2,1,0
BRDA:30,3,0,0
BRDA:30,3,1,0
BRDA:46,4,0,0
BRDA:46,4,1,0
BRDA:54,5,0,0
BRDA:54,5,1,0
BRDA:54,6,0,0
BRDA:54,6,1,0
BRDA:59,7,0,0
BRDA:59,7,1,0
BRDA:115,8,0,0
BRF:17
BRH:0
end_of_record
TN:
SF:src\app\(dashboard)\inventory\opening-balances\new\page.tsx
FN:11,NewOpeningBalanceClient
FN:25,(anonymous_6)
FN:36,(anonymous_7)
FN:44,(anonymous_8)
FN:101,(anonymous_9)
FN:112,(anonymous_10)
FN:115,(anonymous_11)
FN:131,(anonymous_12)
FN:145,(anonymous_13)
FN:154,(anonymous_14)
FN:164,(anonymous_15)
FN:174,(anonymous_16)
FNF:12
FNH:0
FNDA:0,NewOpeningBalanceClient
FNDA:0,(anonymous_6)
FNDA:0,(anonymous_7)
FNDA:0,(anonymous_8)
FNDA:0,(anonymous_9)
FNDA:0,(anonymous_10)
FNDA:0,(anonymous_11)
FNDA:0,(anonymous_12)
FNDA:0,(anonymous_13)
FNDA:0,(anonymous_14)
FNDA:0,(anonymous_15)
FNDA:0,(anonymous_16)
DA:3,0
DA:4,0
DA:5,0
DA:6,0
DA:7,0
DA:8,0
DA:9,0
DA:11,0
DA:12,0
DA:13,0
DA:14,0
DA:15,0
DA:17,0
DA:18,0
DA:19,0
DA:20,0
DA:21,0
DA:23,0
DA:25,0
DA:26,0
DA:27,0
DA:28,0
DA:29,0
DA:30,0
DA:32,0
DA:36,0
DA:37,0
DA:38,0
DA:39,0
DA:40,0
DA:41,0
DA:44,0
DA:45,0
DA:46,0
DA:47,0
DA:49,0
DA:50,0
DA:57,0
DA:59,0
DA:60,0
DA:61,0
DA:63,0
DA:102,0
DA:103,0
DA:113,0
DA:115,0
DA:131,0
DA:145,0
DA:154,0
DA:164,0
DA:174,0
LF:51
LH:0
BRDA:25,0,0,0
BRDA:28,1,0,0
BRDA:28,1,1,0
BRDA:30,2,0,0
BRDA:30,2,1,0
BRDA:30,3,0,0
BRDA:30,3,1,0
BRDA:38,4,0,0
BRDA:38,4,1,0
BRDA:39,5,0,0
BRDA:39,5,1,0
BRDA:39,5,2,0
BRDA:45,6,0,0
BRDA:45,6,1,0
BRDA:46,7,0,0
BRDA:46,7,1,0
BRDA:47,8,0,0
BRDA:47,8,1,0
BRDA:59,9,0,0
BRDA:59,9,1,0
BRDA:83,10,0,0
BRDA:110,11,0,0
BRDA:137,12,0,0
BRDA:184,13,0,0
BRDA:184,13,1,0
BRDA:188,14,0,0
BRDA:188,14,1,0
BRF:27
BRH:0
end_of_record
TN:
SF:src\app\(dashboard)\inventory\settlement\page.tsx
FN:10,InventorySettlementPage
FN:16,(anonymous_6)
FN:17,loadSettlement
FNF:3
FNH:0
FNDA:0,InventorySettlementPage
FNDA:0,(anonymous_6)
FNDA:0,loadSettlement
DA:3,0
DA:4,0
DA:5,0
DA:6,0
DA:7,0
DA:8,0
DA:10,0
DA:11,0
DA:12,0
DA:13,0
DA:14,0
DA:16,0
DA:18,0
DA:19,0
DA:20,0
DA:21,0
DA:23,0
DA:25,0
DA:26,0
DA:27,0
DA:28,0
DA:29,0
DA:34,0
DA:36,0
DA:40,0
DA:43,0
DA:51,0
DA:52,0
LF:28
LH:0
BRDA:20,0,0,0
BRDA:20,0,1,0
BRDA:25,1,0,0
BRDA:25,1,1,0
BRDA:28,2,0,0
BRDA:28,2,1,0
BRDA:29,3,0,0
BRDA:29,3,1,0
BRDA:43,4,0,0
BRDA:43,4,1,0
BRDA:51,5,0,0
BRDA:51,5,1,0
BRDA:51,6,0,0
BRDA:51,6,1,0
BRF:14
BRH:0
end_of_record
TN:
SF:src\app\(dashboard)\patients\loading.tsx
FN:5,PatientsLoading
FN:18,(anonymous_3)
FNF:2
FNH:0
FNDA:0,PatientsLoading
FNDA:0,(anonymous_3)
DA:3,0
DA:5,0
DA:19,0
LF:3
LH:0
BRF:0
BRH:0
end_of_record
TN:
SF:src\app\(dashboard)\patients\page.tsx
FN:9,PatientsPage
FN:16,(anonymous_6)
FN:17,loadPatients
FNF:3
FNH:0
FNDA:0,PatientsPage
FNDA:0,(anonymous_6)
FNDA:0,loadPatients
DA:3,0
DA:4,0
DA:5,0
DA:6,0
DA:7,0
DA:9,0
DA:10,0
DA:11,0
DA:12,0
DA:13,0
DA:14,0
DA:16,0
DA:18,0
DA:19,0
DA:20,0
DA:21,0
DA:22,0
DA:24,0
DA:26,0
DA:27,0
DA:28,0
DA:29,0
DA:33,0
DA:35,0
DA:39,0
DA:42,0
DA:50,0
DA:51,0
LF:28
LH:0
BRDA:20,0,0,0
BRDA:20,0,1,0
BRDA:22,1,0,0
BRDA:22,1,1,0
BRDA:26,2,0,0
BRDA:26,2,1,0
BRDA:29,3,0,0
BRDA:29,3,1,0
BRDA:29,4,0,0
BRDA:29,4,1,0
BRDA:42,5,0,0
BRDA:42,5,1,0
BRDA:50,6,0,0
BRDA:50,6,1,0
BRDA:50,7,0,0
BRDA:50,7,1,0
BRDA:64,8,0,0
BRDA:64,8,1,0
BRDA:66,9,0,0
BRDA:66,9,1,0
BRF:20
BRH:0
end_of_record
TN:
SF:src\app\(dashboard)\pos\page.tsx
FN:11,(anonymous_5)
FN:11,(anonymous_6)
FN:12,(anonymous_8)
FN:12,(anonymous_9)
FN:13,(anonymous_11)
FN:13,(anonymous_12)
FN:14,(anonymous_14)
FN:14,(anonymous_15)
FN:15,(anonymous_17)
FN:15,(anonymous_18)
FN:16,(anonymous_20)
FN:16,(anonymous_21)
FN:17,(anonymous_23)
FN:17,(anonymous_24)
FN:114,(anonymous_26)
FN:121,(anonymous_27)
FN:122,(anonymous_28)
FN:126,(anonymous_29)
FN:131,(anonymous_30)
FN:132,(anonymous_31)
FN:155,(anonymous_32)
FN:168,(anonymous_33)
FN:170,(anonymous_34)
FN:229,(anonymous_35)
FN:239,(anonymous_36)
FN:242,(anonymous_37)
FN:274,POSPage
FN:324,(anonymous_39)
FN:325,fetchUnits
FN:326,(anonymous_41)
FN:334,(anonymous_42)
FN:342,(anonymous_43)
FN:371,(anonymous_44)
FN:399,(anonymous_45)
FN:422,(anonymous_46)
FN:423,loadUser
FN:444,(anonymous_48)
FN:450,(anonymous_49)
FN:457,(anonymous_50)
FN:458,(anonymous_51)
FN:461,(anonymous_52)
FN:461,(anonymous_53)
FN:466,(anonymous_54)
FN:470,(anonymous_55)
FN:471,(anonymous_56)
FN:477,(anonymous_57)
FN:490,(anonymous_58)
FN:494,(anonymous_59)
FN:496,(anonymous_60)
FN:496,(anonymous_61)
FN:499,(anonymous_62)
FN:505,(anonymous_63)
FN:519,(anonymous_64)
FN:520,(anonymous_65)
FN:522,(anonymous_66)
FN:547,(anonymous_67)
FN:560,(anonymous_68)
FN:570,(anonymous_69)
FN:571,(anonymous_70)
FN:571,(anonymous_71)
FN:585,(anonymous_72)
FN:586,(anonymous_73)
FN:586,(anonymous_74)
FN:593,(anonymous_75)
FN:609,(anonymous_76)
FN:617,(anonymous_77)
FN:622,(anonymous_78)
FN:634,(anonymous_79)
FN:645,(anonymous_80)
FN:655,(anonymous_81)
FN:686,(anonymous_82)
FN:697,(anonymous_83)
FN:697,(anonymous_84)
FN:714,(anonymous_85)
FN:721,(anonymous_86)
FN:730,(anonymous_87)
FN:746,(anonymous_88)
FN:749,(anonymous_89)
FN:775,(anonymous_90)
FN:797,(anonymous_91)
FN:798,(anonymous_92)
FN:801,(anonymous_93)
FN:805,(anonymous_94)
FN:809,(anonymous_95)
FN:822,(anonymous_96)
FN:824,(anonymous_97)
FN:825,(anonymous_98)
FN:828,(anonymous_99)
FN:833,(anonymous_100)
FN:835,(anonymous_101)
FN:842,(anonymous_102)
FN:845,(anonymous_103)
FN:846,(anonymous_104)
FN:848,(anonymous_105)
FN:870,(anonymous_106)
FN:871,(anonymous_107)
FN:876,(anonymous_108)
FN:884,(anonymous_109)
FN:889,(anonymous_110)
FN:890,(anonymous_111)
FN:908,(anonymous_112)
FN:909,(anonymous_113)
FN:910,(anonymous_114)
FN:912,(anonymous_115)
FN:913,(anonymous_116)
FN:915,(anonymous_117)
FN:916,(anonymous_118)
FN:932,(anonymous_119)
FN:957,(anonymous_120)
FN:958,(anonymous_121)
FN:959,(anonymous_122)
FN:971,(anonymous_123)
FN:974,(anonymous_124)
FN:1009,(anonymous_125)
FN:1012,(anonymous_126)
FN:1031,(anonymous_127)
FN:1042,(anonymous_128)
FN:1071,(anonymous_129)
FN:1074,(anonymous_130)
FN:1075,(anonymous_131)
FN:1086,(anonymous_132)
FN:1100,(anonymous_133)
FN:1104,(anonymous_134)
FN:1120,(anonymous_135)
FN:1120,(anonymous_136)
FN:1120,(anonymous_137)
FN:1126,(anonymous_138)
FN:1128,(anonymous_139)
FN:1128,(anonymous_140)
FN:1133,(anonymous_141)
FN:1133,(anonymous_142)
FN:1133,(anonymous_143)
FN:1145,(anonymous_144)
FN:1147,(anonymous_145)
FN:1147,(anonymous_146)
FN:1168,(anonymous_147)
FN:1168,(anonymous_148)
FN:1168,(anonymous_149)
FN:1179,(anonymous_150)
FN:1179,(anonymous_151)
FN:1179,(anonymous_152)
FN:1193,(anonymous_153)
FN:1194,(anonymous_154)
FN:1202,(anonymous_155)
FN:1224,(anonymous_156)
FN:1224,(anonymous_157)
FN:1225,(anonymous_158)
FN:1242,(anonymous_159)
FN:1248,(anonymous_160)
FN:1249,(anonymous_161)
FN:1258,(anonymous_162)
FN:1266,(anonymous_163)
FN:1268,(anonymous_164)
FN:1274,(anonymous_165)
FN:1277,(anonymous_166)
FN:1278,(anonymous_167)
FN:1279,(anonymous_168)
FN:1316,(anonymous_169)
FN:1329,(anonymous_170)
FN:1341,(anonymous_171)
FN:1354,(anonymous_172)
FN:1355,(anonymous_173)
FN:1362,(anonymous_174)
FN:1367,(anonymous_175)
FN:1376,(anonymous_176)
FN:1383,(anonymous_177)
FN:1383,(anonymous_178)
FN:1383,(anonymous_179)
FN:1393,(anonymous_180)
FN:1394,(anonymous_181)
FN:1395,(anonymous_182)
FN:1395,(anonymous_183)
FN:1417,ContextMenuItem
FN:1430,SidebarButton
FN:1444,TotalLabel
FNF:175
FNH:0
FNDA:0,(anonymous_5)
FNDA:0,(anonymous_6)
FNDA:0,(anonymous_8)
FNDA:0,(anonymous_9)
FNDA:0,(anonymous_11)
FNDA:0,(anonymous_12)
FNDA:0,(anonymous_14)
FNDA:0,(anonymous_15)
FNDA:0,(anonymous_17)
FNDA:0,(anonymous_18)
FNDA:0,(anonymous_20)
FNDA:0,(anonymous_21)
FNDA:0,(anonymous_23)
FNDA:0,(anonymous_24)
FNDA:0,(anonymous_26)
FNDA:0,(anonymous_27)
FNDA:0,(anonymous_28)
FNDA:0,(anonymous_29)
FNDA:0,(anonymous_30)
FNDA:0,(anonymous_31)
FNDA:0,(anonymous_32)
FNDA:0,(anonymous_33)
FNDA:0,(anonymous_34)
FNDA:0,(anonymous_35)
FNDA:0,(anonymous_36)
FNDA:0,(anonymous_37)
FNDA:0,POSPage
FNDA:0,(anonymous_39)
FNDA:0,fetchUnits
FNDA:0,(anonymous_41)
FNDA:0,(anonymous_42)
FNDA:0,(anonymous_43)
FNDA:0,(anonymous_44)
FNDA:0,(anonymous_45)
FNDA:0,(anonymous_46)
FNDA:0,loadUser
FNDA:0,(anonymous_48)
FNDA:0,(anonymous_49)
FNDA:0,(anonymous_50)
FNDA:0,(anonymous_51)
FNDA:0,(anonymous_52)
FNDA:0,(anonymous_53)
FNDA:0,(anonymous_54)
FNDA:0,(anonymous_55)
FNDA:0,(anonymous_56)
FNDA:0,(anonymous_57)
FNDA:0,(anonymous_58)
FNDA:0,(anonymous_59)
FNDA:0,(anonymous_60)
FNDA:0,(anonymous_61)
FNDA:0,(anonymous_62)
FNDA:0,(anonymous_63)
FNDA:0,(anonymous_64)
FNDA:0,(anonymous_65)
FNDA:0,(anonymous_66)
FNDA:0,(anonymous_67)
FNDA:0,(anonymous_68)
FNDA:0,(anonymous_69)
FNDA:0,(anonymous_70)
FNDA:0,(anonymous_71)
FNDA:0,(anonymous_72)
FNDA:0,(anonymous_73)
FNDA:0,(anonymous_74)
FNDA:0,(anonymous_75)
FNDA:0,(anonymous_76)
FNDA:0,(anonymous_77)
FNDA:0,(anonymous_78)
FNDA:0,(anonymous_79)
FNDA:0,(anonymous_80)
FNDA:0,(anonymous_81)
FNDA:0,(anonymous_82)
FNDA:0,(anonymous_83)
FNDA:0,(anonymous_84)
FNDA:0,(anonymous_85)
FNDA:0,(anonymous_86)
FNDA:0,(anonymous_87)
FNDA:0,(anonymous_88)
FNDA:0,(anonymous_89)
FNDA:0,(anonymous_90)
FNDA:0,(anonymous_91)
FNDA:0,(anonymous_92)
FNDA:0,(anonymous_93)
FNDA:0,(anonymous_94)
FNDA:0,(anonymous_95)
FNDA:0,(anonymous_96)
FNDA:0,(anonymous_97)
FNDA:0,(anonymous_98)
FNDA:0,(anonymous_99)
FNDA:0,(anonymous_100)
FNDA:0,(anonymous_101)
FNDA:0,(anonymous_102)
FNDA:0,(anonymous_103)
FNDA:0,(anonymous_104)
FNDA:0,(anonymous_105)
FNDA:0,(anonymous_106)
FNDA:0,(anonymous_107)
FNDA:0,(anonymous_108)
FNDA:0,(anonymous_109)
FNDA:0,(anonymous_110)
FNDA:0,(anonymous_111)
FNDA:0,(anonymous_112)
FNDA:0,(anonymous_113)
FNDA:0,(anonymous_114)
FNDA:0,(anonymous_115)
FNDA:0,(anonymous_116)
FNDA:0,(anonymous_117)
FNDA:0,(anonymous_118)
FNDA:0,(anonymous_119)
FNDA:0,(anonymous_120)
FNDA:0,(anonymous_121)
FNDA:0,(anonymous_122)
FNDA:0,(anonymous_123)
FNDA:0,(anonymous_124)
FNDA:0,(anonymous_125)
FNDA:0,(anonymous_126)
FNDA:0,(anonymous_127)
FNDA:0,(anonymous_128)
FNDA:0,(anonymous_129)
FNDA:0,(anonymous_130)
FNDA:0,(anonymous_131)
FNDA:0,(anonymous_132)
FNDA:0,(anonymous_133)
FNDA:0,(anonymous_134)
FNDA:0,(anonymous_135)
FNDA:0,(anonymous_136)
FNDA:0,(anonymous_137)
FNDA:0,(anonymous_138)
FNDA:0,(anonymous_139)
FNDA:0,(anonymous_140)
FNDA:0,(anonymous_141)
FNDA:0,(anonymous_142)
FNDA:0,(anonymous_143)
FNDA:0,(anonymous_144)
FNDA:0,(anonymous_145)
FNDA:0,(anonymous_146)
FNDA:0,(anonymous_147)
FNDA:0,(anonymous_148)
FNDA:0,(anonymous_149)
FNDA:0,(anonymous_150)
FNDA:0,(anonymous_151)
FNDA:0,(anonymous_152)
FNDA:0,(anonymous_153)
FNDA:0,(anonymous_154)
FNDA:0,(anonymous_155)
FNDA:0,(anonymous_156)
FNDA:0,(anonymous_157)
FNDA:0,(anonymous_158)
FNDA:0,(anonymous_159)
FNDA:0,(anonymous_160)
FNDA:0,(anonymous_161)
FNDA:0,(anonymous_162)
FNDA:0,(anonymous_163)
FNDA:0,(anonymous_164)
FNDA:0,(anonymous_165)
FNDA:0,(anonymous_166)
FNDA:0,(anonymous_167)
FNDA:0,(anonymous_168)
FNDA:0,(anonymous_169)
FNDA:0,(anonymous_170)
FNDA:0,(anonymous_171)
FNDA:0,(anonymous_172)
FNDA:0,(anonymous_173)
FNDA:0,(anonymous_174)
FNDA:0,(anonymous_175)
FNDA:0,(anonymous_176)
FNDA:0,(anonymous_177)
FNDA:0,(anonymous_178)
FNDA:0,(anonymous_179)
FNDA:0,(anonymous_180)
FNDA:0,(anonymous_181)
FNDA:0,(anonymous_182)
FNDA:0,(anonymous_183)
FNDA:0,ContextMenuItem
FNDA:0,SidebarButton
FNDA:0,TotalLabel
DA:3,0
DA:4,0
DA:5,0
DA:6,0
DA:7,0
DA:8,0
DA:9,0
DA:11,0
DA:12,0
DA:13,0
DA:14,0
DA:15,0
DA:16,0
DA:17,0
DA:18,0
DA:19,0
DA:26,0
DA:28,0
DA:29,0
DA:30,0
DA:31,0
DA:113,0
DA:115,0
DA:116,0
DA:117,0
DA:118,0
DA:119,0
DA:121,0
DA:123,0
DA:124,0
DA:127,0
DA:131,0
DA:132,0
DA:133,0
DA:134,0
DA:135,0
DA:138,0
DA:139,0
DA:140,0
DA:141,0
DA:142,0
DA:144,0
DA:147,0
DA:148,0
DA:150,0
DA:154,0
DA:155,0
DA:156,0
DA:168,0
DA:171,0
DA:172,0
DA:173,0
DA:174,0
DA:175,0
DA:176,0
DA:177,0
DA:178,0
DA:179,0
DA:187,0
DA:188,0
DA:189,0
DA:190,0
DA:193,0
DA:196,0
DA:197,0
DA:198,0
DA:199,0
DA:201,0
DA:202,0
DA:203,0
DA:204,0
DA:205,0
DA:206,0
DA:208,0
DA:211,0
DA:215,0
DA:216,0
DA:229,0
DA:240,0
DA:243,0
DA:244,0
DA:245,0
DA:272,0
DA:274,0
DA:275,0
DA:276,0
DA:286,0
DA:287,0
DA:288,0
DA:289,0
DA:292,0
DA:293,0
DA:295,0
DA:296,0
DA:297,0
DA:298,0
DA:299,0
DA:300,0
DA:301,0
DA:302,0
DA:303,0
DA:304,0
DA:307,0
DA:308,0
DA:309,0
DA:312,0
DA:315,0
DA:316,0
DA:317,0
DA:318,0
DA:319,0
DA:322,0
DA:324,0
DA:326,0
DA:327,0
DA:328,0
DA:330,0
DA:334,0
DA:335,0
DA:338,0
DA:339,0
DA:342,0
DA:343,0
DA:344,0
DA:345,0
DA:346,0
DA:348,0
DA:349,0
DA:350,0
DA:351,0
DA:355,0
DA:356,0
DA:358,0
DA:359,0
DA:361,0
DA:362,0
DA:365,0
DA:366,0
DA:368,0
DA:371,0
DA:372,0
DA:374,0
DA:375,0
DA:377,0
DA:378,0
DA:380,0
DA:382,0
DA:383,0
DA:384,0
DA:385,0
DA:386,0
DA:390,0
DA:391,0
DA:392,0
DA:393,0
DA:394,0
DA:399,0
DA:400,0
DA:401,0
DA:402,0
DA:403,0
DA:404,0
DA:405,0
DA:412,0
DA:413,0
DA:414,0
DA:415,0
DA:416,0
DA:422,0
DA:424,0
DA:425,0
DA:426,0
DA:427,0
DA:428,0
DA:431,0
DA:432,0
DA:434,0
DA:435,0
DA:436,0
DA:437,0
DA:439,0
DA:441,0
DA:444,0
DA:445,0
DA:450,0
DA:451,0
DA:452,0
DA:457,0
DA:458,0
DA:459,0
DA:460,0
DA:461,0
DA:462,0
DA:465,0
DA:466,0
DA:470,0
DA:471,0
DA:472,0
DA:473,0
DA:474,0
DA:476,0
DA:477,0
DA:478,0
DA:479,0
DA:480,0
DA:482,0
DA:485,0
DA:486,0
DA:489,0
DA:490,0
DA:494,0
DA:495,0
DA:496,0
DA:497,0
DA:498,0
DA:499,0
DA:505,0
DA:506,0
DA:507,0
DA:508,0
DA:511,0
DA:512,0
DA:513,0
DA:516,0
DA:517,0
DA:519,0
DA:520,0
DA:521,0
DA:522,0
DA:524,0
DA:525,0
DA:547,0
DA:548,0
DA:552,0
DA:553,0
DA:554,0
DA:555,0
DA:556,0
DA:559,0
DA:560,0
DA:567,0
DA:570,0
DA:571,0
DA:572,0
DA:574,0
DA:575,0
DA:576,0
DA:577,0
DA:578,0
DA:581,0
DA:585,0
DA:586,0
DA:587,0
DA:589,0
DA:590,0
DA:592,0
DA:593,0
DA:594,0
DA:595,0
DA:596,0
DA:597,0
DA:598,0
DA:599,0
DA:601,0
DA:605,0
DA:609,0
DA:610,0
DA:611,0
DA:612,0
DA:613,0
DA:614,0
DA:617,0
DA:618,0
DA:619,0
DA:622,0
DA:623,0
DA:624,0
DA:626,0
DA:627,0
DA:628,0
DA:630,0
DA:631,0
DA:633,0
DA:634,0
DA:636,0
DA:637,0
DA:638,0
DA:639,0
DA:642,0
DA:644,0
DA:645,0
DA:648,0
DA:649,0
DA:650,0
DA:651,0
DA:655,0
DA:664,0
DA:675,0
DA:676,0
DA:678,0
DA:679,0
DA:686,0
DA:694,0
DA:697,0
DA:700,0
DA:702,0
DA:703,0
DA:706,0
DA:707,0
DA:708,0
DA:710,0
DA:714,0
DA:715,0
DA:716,0
DA:717,0
DA:718,0
DA:721,0
DA:722,0
DA:723,0
DA:724,0
DA:725,0
DA:726,0
DA:730,0
DA:731,0
DA:732,0
DA:733,0
DA:734,0
DA:735,0
DA:737,0
DA:740,0
DA:742,0
DA:746,0
DA:747,0
DA:749,0
DA:759,0
DA:760,0
DA:766,0
DA:769,0
DA:770,0
DA:771,0
DA:772,0
DA:775,0
DA:776,0
DA:777,0
DA:778,0
DA:779,0
DA:780,0
DA:781,0
DA:790,0
DA:793,0
DA:797,0
DA:798,0
DA:801,0
DA:802,0
DA:805,0
DA:806,0
DA:809,0
DA:810,0
DA:811,0
DA:812,0
DA:813,0
DA:814,0
DA:815,0
DA:816,0
DA:817,0
DA:818,0
DA:819,0
DA:822,0
DA:824,0
DA:825,0
DA:826,0
DA:827,0
DA:828,0
DA:829,0
DA:831,0
DA:832,0
DA:833,0
DA:834,0
DA:835,0
DA:836,0
DA:841,0
DA:842,0
DA:845,0
DA:846,0
DA:847,0
DA:848,0
DA:851,0
DA:859,0
DA:860,0
DA:870,0
DA:871,0
DA:877,0
DA:878,0
DA:879,0
DA:881,0
DA:882,0
DA:883,0
DA:884,0
DA:885,0
DA:887,0
DA:888,0
DA:889,0
DA:890,0
DA:893,0
DA:894,0
DA:895,0
DA:896,0
DA:898,0
DA:901,0
DA:903,0
DA:908,0
DA:909,0
DA:910,0
DA:912,0
DA:913,0
DA:915,0
DA:916,0
DA:932,0
DA:957,0
DA:959,0
DA:960,0
DA:961,0
DA:962,0
DA:972,0
DA:975,0
DA:976,0
DA:977,0
DA:979,0
DA:980,0
DA:1010,0
DA:1012,0
DA:1031,0
DA:1042,0
DA:1072,0
DA:1074,0
DA:1075,0
DA:1086,0
DA:1100,0
DA:1105,0
DA:1120,0
DA:1127,0
DA:1128,0
DA:1133,0
DA:1146,0
DA:1147,0
DA:1168,0
DA:1179,0
DA:1193,0
DA:1194,0
DA:1202,0
DA:1224,0
DA:1225,0
DA:1242,0
DA:1248,0
DA:1250,0
DA:1251,0
DA:1258,0
DA:1266,0
DA:1269,0
DA:1270,0
DA:1271,0
DA:1272,0
DA:1275,0
DA:1276,0
DA:1277,0
DA:1278,0
DA:1279,0
DA:1280,0
DA:1281,0
DA:1300,0
DA:1301,0
DA:1316,0
DA:1329,0
DA:1341,0
DA:1355,0
DA:1356,0
DA:1362,0
DA:1368,0
DA:1369,0
DA:1370,0
DA:1376,0
DA:1383,0
DA:1393,0
DA:1395,0
LF:484
LH:0
BRDA:133,0,0,0
BRDA:133,0,1,0
BRDA:141,1,0,0
BRDA:141,1,1,0
BRDA:142,2,0,0
BRDA:142,2,1,0
BRDA:171,3,0,0
BRDA:171,3,1,0
BRDA:173,4,0,0
BRDA:173,4,1,0
BRDA:177,5,0,0
BRDA:177,5,1,0
BRDA:177,6,0,0
BRDA:177,6,1,0
BRDA:181,7,0,0
BRDA:181,7,1,0
BRDA:182,8,0,0
BRDA:182,8,1,0
BRDA:183,9,0,0
BRDA:183,9,1,0
BRDA:184,10,0,0
BRDA:184,10,1,0
BRDA:196,11,0,0
BRDA:196,11,1,0
BRDA:203,12,0,0
BRDA:203,12,1,0
BRDA:203,13,0,0
BRDA:203,13,1,0
BRDA:203,13,2,0
BRDA:215,14,0,0
BRDA:215,14,1,0
BRDA:237,15,0,0
BRDA:237,15,1,0
BRDA:248,16,0,0
BRDA:248,16,1,0
BRDA:249,17,0,0
BRDA:249,17,1,0
BRDA:255,18,0,0
BRDA:255,18,1,0
BRDA:260,19,0,0
BRDA:263,20,0,0
BRDA:328,21,0,0
BRDA:328,21,1,0
BRDA:328,22,0,0
BRDA:328,22,1,0
BRDA:339,23,0,0
BRDA:339,23,1,0
BRDA:348,24,0,0
BRDA:348,24,1,0
BRDA:349,25,0,0
BRDA:349,25,1,0
BRDA:350,26,0,0
BRDA:350,26,1,0
BRDA:351,27,0,0
BRDA:351,27,1,0
BRDA:356,28,0,0
BRDA:356,28,1,0
BRDA:359,29,0,0
BRDA:359,29,1,0
BRDA:362,30,0,0
BRDA:362,30,1,0
BRDA:366,31,0,0
BRDA:366,31,1,0
BRDA:372,32,0,0
BRDA:372,32,1,0
BRDA:375,33,0,0
BRDA:375,33,1,0
BRDA:380,34,0,0
BRDA:380,34,1,0
BRDA:383,35,0,0
BRDA:383,35,1,0
BRDA:385,36,0,0
BRDA:385,36,1,0
BRDA:391,37,0,0
BRDA:391,37,1,0
BRDA:391,38,0,0
BRDA:391,38,1,0
BRDA:393,39,0,0
BRDA:393,39,1,0
BRDA:400,40,0,0
BRDA:400,40,1,0
BRDA:402,41,0,0
BRDA:402,41,1,0
BRDA:405,42,0,0
BRDA:405,42,1,0
BRDA:405,43,0,0
BRDA:405,43,1,0
BRDA:405,43,2,0
BRDA:405,43,3,0
BRDA:405,43,4,0
BRDA:405,43,5,0
BRDA:414,44,0,0
BRDA:414,44,1,0
BRDA:425,45,0,0
BRDA:425,45,1,0
BRDA:431,46,0,0
BRDA:431,46,1,0
BRDA:431,46,2,0
BRDA:431,46,3,0
BRDA:432,47,0,0
BRDA:432,47,1,0
BRDA:432,47,2,0
BRDA:435,48,0,0
BRDA:435,48,1,0
BRDA:435,49,0,0
BRDA:435,49,1,0
BRDA:451,50,0,0
BRDA:451,50,1,0
BRDA:459,51,0,0
BRDA:459,51,1,0
BRDA:459,52,0,0
BRDA:459,52,1,0
BRDA:460,53,0,0
BRDA:460,53,1,0
BRDA:472,54,0,0
BRDA:472,54,1,0
BRDA:479,55,0,0
BRDA:479,55,1,0
BRDA:480,56,0,0
BRDA:480,56,1,0
BRDA:495,57,0,0
BRDA:495,57,1,0
BRDA:495,58,0,0
BRDA:495,58,1,0
BRDA:498,59,0,0
BRDA:498,59,1,0
BRDA:498,60,0,0
BRDA:498,60,1,0
BRDA:499,61,0,0
BRDA:499,61,1,0
BRDA:499,62,0,0
BRDA:499,62,1,0
BRDA:506,63,0,0
BRDA:506,63,1,0
BRDA:507,64,0,0
BRDA:507,64,1,0
BRDA:511,65,0,0
BRDA:511,65,1,0
BRDA:520,66,0,0
BRDA:520,66,1,0
BRDA:520,66,2,0
BRDA:520,66,3,0
BRDA:521,67,0,0
BRDA:521,67,1,0
BRDA:522,68,0,0
BRDA:522,68,1,0
BRDA:540,69,0,0
BRDA:540,69,1,0
BRDA:548,70,0,0
BRDA:548,70,1,0
BRDA:548,71,0,0
BRDA:548,71,1,0
BRDA:550,72,0,0
BRDA:550,72,1,0
BRDA:550,73,0,0
BRDA:550,73,1,0
BRDA:553,74,0,0
BRDA:553,74,1,0
BRDA:553,75,0,0
BRDA:553,75,1,0
BRDA:554,76,0,0
BRDA:554,76,1,0
BRDA:555,77,0,0
BRDA:555,77,1,0
BRDA:555,78,0,0
BRDA:555,78,1,0
BRDA:556,79,0,0
BRDA:556,79,1,0
BRDA:556,80,0,0
BRDA:556,80,1,0
BRDA:567,81,0,0
BRDA:567,81,1,0
BRDA:567,82,0,0
BRDA:567,82,1,0
BRDA:567,83,0,0
BRDA:567,83,1,0
BRDA:567,84,0,0
BRDA:567,84,1,0
BRDA:567,85,0,0
BRDA:567,85,1,0
BRDA:572,86,0,0
BRDA:572,86,1,0
BRDA:575,87,0,0
BRDA:575,87,1,0
BRDA:575,88,0,0
BRDA:575,88,1,0
BRDA:576,89,0,0
BRDA:576,89,1,0
BRDA:577,90,0,0
BRDA:577,90,1,0
BRDA:577,91,0,0
BRDA:577,91,1,0
BRDA:578,92,0,0
BRDA:578,92,1,0
BRDA:578,93,0,0
BRDA:578,93,1,0
BRDA:587,94,0,0
BRDA:587,94,1,0
BRDA:589,95,0,0
BRDA:589,95,1,0
BRDA:592,96,0,0
BRDA:592,96,1,0
BRDA:592,97,0,0
BRDA:592,97,1,0
BRDA:594,98,0,0
BRDA:594,98,1,0
BRDA:594,99,0,0
BRDA:594,99,1,0
BRDA:596,100,0,0
BRDA:596,100,1,0
BRDA:596,101,0,0
BRDA:596,101,1,0
BRDA:597,102,0,0
BRDA:597,102,1,0
BRDA:598,103,0,0
BRDA:598,103,1,0
BRDA:598,104,0,0
BRDA:598,104,1,0
BRDA:599,105,0,0
BRDA:599,105,1,0
BRDA:599,106,0,0
BRDA:599,106,1,0
BRDA:610,107,0,0
BRDA:610,107,1,0
BRDA:611,108,0,0
BRDA:611,108,1,0
BRDA:612,109,0,0
BRDA:612,109,1,0
BRDA:612,110,0,0
BRDA:612,110,1,0
BRDA:613,111,0,0
BRDA:613,111,1,0
BRDA:613,112,0,0
BRDA:613,112,1,0
BRDA:618,113,0,0
BRDA:618,113,1,0
BRDA:618,114,0,0
BRDA:618,114,1,0
BRDA:622,115,0,0
BRDA:622,116,0,0
BRDA:623,117,0,0
BRDA:623,117,1,0
BRDA:633,118,0,0
BRDA:633,118,1,0
BRDA:633,119,0,0
BRDA:633,119,1,0
BRDA:637,120,0,0
BRDA:637,120,1,0
BRDA:637,121,0,0
BRDA:637,121,1,0
BRDA:642,122,0,0
BRDA:642,122,1,0
BRDA:642,123,0,0
BRDA:642,123,1,0
BRDA:642,123,2,0
BRDA:645,124,0,0
BRDA:645,124,1,0
BRDA:657,125,0,0
BRDA:657,125,1,0
BRDA:659,126,0,0
BRDA:659,126,1,0
BRDA:661,127,0,0
BRDA:661,127,1,0
BRDA:667,128,0,0
BRDA:667,128,1,0
BRDA:669,129,0,0
BRDA:669,129,1,0
BRDA:675,130,0,0
BRDA:675,130,1,0
BRDA:676,131,0,0
BRDA:676,131,1,0
BRDA:678,132,0,0
BRDA:678,132,1,0
BRDA:678,133,0,0
BRDA:678,133,1,0
BRDA:685,134,0,0
BRDA:685,134,1,0
BRDA:703,135,0,0
BRDA:703,135,1,0
BRDA:716,136,0,0
BRDA:716,136,1,0
BRDA:716,137,0,0
BRDA:716,137,1,0
BRDA:724,138,0,0
BRDA:724,138,1,0
BRDA:734,139,0,0
BRDA:734,139,1,0
BRDA:735,140,0,0
BRDA:735,140,1,0
BRDA:737,141,0,0
BRDA:737,141,1,0
BRDA:747,142,0,0
BRDA:747,142,1,0
BRDA:747,143,0,0
BRDA:747,143,1,0
BRDA:752,144,0,0
BRDA:752,144,1,0
BRDA:753,145,0,0
BRDA:753,145,1,0
BRDA:754,146,0,0
BRDA:754,146,1,0
BRDA:759,147,0,0
BRDA:759,147,1,0
BRDA:762,148,0,0
BRDA:762,148,1,0
BRDA:770,149,0,0
BRDA:770,149,1,0
BRDA:776,150,0,0
BRDA:776,150,1,0
BRDA:779,151,0,0
BRDA:779,151,1,0
BRDA:779,152,0,0
BRDA:779,152,1,0
BRDA:783,153,0,0
BRDA:783,153,1,0
BRDA:784,154,0,0
BRDA:784,154,1,0
BRDA:785,155,0,0
BRDA:785,155,1,0
BRDA:786,156,0,0
BRDA:786,156,1,0
BRDA:798,157,0,0
BRDA:798,157,1,0
BRDA:815,158,0,0
BRDA:815,158,1,0
BRDA:816,159,0,0
BRDA:816,159,1,0
BRDA:817,160,0,0
BRDA:817,160,1,0
BRDA:818,161,0,0
BRDA:818,161,1,0
BRDA:826,162,0,0
BRDA:826,162,1,0
BRDA:826,163,0,0
BRDA:826,163,1,0
BRDA:829,164,0,0
BRDA:829,164,1,0
BRDA:831,165,0,0
BRDA:831,165,1,0
BRDA:831,166,0,0
BRDA:831,166,1,0
BRDA:834,167,0,0
BRDA:834,167,1,0
BRDA:836,168,0,0
BRDA:836,168,1,0
BRDA:851,169,0,0
BRDA:851,169,1,0
BRDA:859,170,0,0
BRDA:859,170,1,0
BRDA:877,171,0,0
BRDA:877,171,1,0
BRDA:888,172,0,0
BRDA:888,172,1,0
BRDA:888,173,0,0
BRDA:888,173,1,0
BRDA:889,174,0,0
BRDA:889,174,1,0
BRDA:890,175,0,0
BRDA:890,175,1,0
BRDA:893,176,0,0
BRDA:893,176,1,0
BRDA:929,177,0,0
BRDA:932,178,0,0
BRDA:932,178,1,0
BRDA:932,179,0,0
BRDA:932,179,1,0
BRDA:934,180,0,0
BRDA:937,181,0,0
BRDA:937,181,1,0
BRDA:937,182,0,0
BRDA:937,182,1,0
BRDA:937,183,0,0
BRDA:937,183,1,0
BRDA:938,184,0,0
BRDA:938,184,1,0
BRDA:938,185,0,0
BRDA:938,185,1,0
BRDA:942,186,0,0
BRDA:945,187,0,0
BRDA:945,187,1,0
BRDA:945,188,0,0
BRDA:945,188,1,0
BRDA:946,189,0,0
BRDA:946,189,1,0
BRDA:961,190,0,0
BRDA:961,190,1,0
BRDA:961,191,0,0
BRDA:961,191,1,0
BRDA:969,192,0,0
BRDA:969,192,1,0
BRDA:976,193,0,0
BRDA:976,193,1,0
BRDA:976,194,0,0
BRDA:976,194,1,0
BRDA:986,195,0,0
BRDA:986,195,1,0
BRDA:988,196,0,0
BRDA:988,196,1,0
BRDA:988,197,0,0
BRDA:988,197,1,0
BRDA:989,198,0,0
BRDA:989,198,1,0
BRDA:1014,199,0,0
BRDA:1014,199,1,0
BRDA:1076,200,0,0
BRDA:1076,200,1,0
BRDA:1080,201,0,0
BRDA:1080,201,1,0
BRDA:1091,202,0,0
BRDA:1091,202,1,0
BRDA:1092,203,0,0
BRDA:1093,204,0,0
BRDA:1098,205,0,0
BRDA:1097,206,0,0
BRDA:1097,206,1,0
BRDA:1099,207,0,0
BRDA:1099,207,1,0
BRDA:1103,208,0,0
BRDA:1103,208,1,0
BRDA:1106,209,0,0
BRDA:1106,209,1,0
BRDA:1112,210,0,0
BRDA:1112,210,1,0
BRDA:1112,211,0,0
BRDA:1112,211,1,0
BRDA:1114,212,0,0
BRDA:1114,212,1,0
BRDA:1120,213,0,0
BRDA:1120,213,1,0
BRDA:1128,214,0,0
BRDA:1128,214,1,0
BRDA:1128,215,0,0
BRDA:1128,215,1,0
BRDA:1133,216,0,0
BRDA:1133,216,1,0
BRDA:1138,217,0,0
BRDA:1147,218,0,0
BRDA:1147,218,1,0
BRDA:1147,219,0,0
BRDA:1147,219,1,0
BRDA:1159,220,0,0
BRDA:1159,220,1,0
BRDA:1159,221,0,0
BRDA:1159,221,1,0
BRDA:1163,222,0,0
BRDA:1163,222,1,0
BRDA:1167,223,0,0
BRDA:1167,223,1,0
BRDA:1168,224,0,0
BRDA:1168,224,1,0
BRDA:1176,225,0,0
BRDA:1176,225,1,0
BRDA:1194,226,0,0
BRDA:1194,226,1,0
BRDA:1203,227,0,0
BRDA:1203,227,1,0
BRDA:1208,228,0,0
BRDA:1220,229,0,0
BRDA:1224,230,0,0
BRDA:1224,230,1,0
BRDA:1224,231,0,0
BRDA:1224,231,1,0
BRDA:1227,232,0,0
BRDA:1227,232,1,0
BRDA:1238,233,0,0
BRDA:1245,234,0,0
BRDA:1256,235,0,0
BRDA:1264,236,0,0
BRDA:1278,237,0,0
BRDA:1278,237,1,0
BRDA:1279,238,0,0
BRDA:1279,238,1,0
BRDA:1279,239,0,0
BRDA:1279,239,1,0
BRDA:1288,240,0,0
BRDA:1288,240,1,0
BRDA:1290,241,0,0
BRDA:1290,241,1,0
BRDA:1305,242,0,0
BRDA:1345,243,0,0
BRDA:1356,244,0,0
BRDA:1356,244,1,0
BRDA:1369,245,0,0
BRDA:1369,245,1,0
BRDA:1390,246,0,0
BRDA:1395,247,0,0
BRDA:1395,247,1,0
BRDA:1400,248,0,0
BRDA:1400,248,1,0
BRDA:1400,248,2,0
BRDA:1401,249,0,0
BRDA:1401,249,1,0
BRDA:1401,250,0,0
BRDA:1401,250,1,0
BRDA:1401,251,0,0
BRDA:1401,251,1,0
BRDA:1402,252,0,0
BRDA:1402,252,1,0
BRDA:1402,253,0,0
BRDA:1402,253,1,0
BRDA:1402,254,0,0
BRDA:1402,254,1,0
BRDA:1402,255,0,0
BRDA:1402,255,1,0
BRDA:1403,256,0,0
BRDA:1403,256,1,0
BRDA:1417,257,0,0
BRDA:1444,258,0,0
BRF:508
BRH:0
end_of_record
TN:
SF:src\app\(dashboard)\purchase-orders\page.tsx
FN:9,PurchaseOrdersPage
FN:14,(anonymous_6)
FN:15,load
FNF:3
FNH:0
FNDA:0,PurchaseOrdersPage
FNDA:0,(anonymous_6)
FNDA:0,load
DA:3,0
DA:4,0
DA:5,0
DA:6,0
DA:7,0
DA:9,0
DA:10,0
DA:11,0
DA:12,0
DA:14,0
DA:16,0
DA:17,0
DA:19,0
DA:20,0
DA:21,0
DA:22,0
DA:25,0
DA:27,0
DA:30,0
DA:38,0
LF:20
LH:0
BRDA:19,0,0,0
BRDA:19,0,1,0
BRDA:21,1,0,0
BRDA:21,1,1,0
BRDA:21,2,0,0
BRDA:21,2,1,0
BRDA:30,3,0,0
BRDA:30,3,1,0
BRDA:38,4,0,0
BRDA:38,4,1,0
BRF:10
BRH:0
end_of_record
TN:
SF:src\app\(dashboard)\purchases\page.tsx
FN:52,PurchasesPage
FN:57,(anonymous_6)
FN:58,loadPage
FN:102,(anonymous_8)
FNF:4
FNH:0
FNDA:0,PurchasesPage
FNDA:0,(anonymous_6)
FNDA:0,loadPage
FNDA:0,(anonymous_8)
DA:3,0
DA:4,0
DA:12,0
DA:13,0
DA:14,0
DA:15,0
DA:17,0
DA:52,0
DA:53,0
DA:54,0
DA:55,0
DA:57,0
DA:59,0
DA:60,0
DA:61,0
DA:62,0
DA:63,0
DA:64,0
DA:65,0
DA:69,0
DA:71,0
DA:74,0
DA:77,0
DA:85,0
DA:86,0
DA:103,0
LF:26
LH:0
BRDA:61,0,0,0
BRDA:61,0,1,0
BRDA:64,1,0,0
BRDA:64,1,1,0
BRDA:77,2,0,0
BRDA:77,2,1,0
BRDA:85,3,0,0
BRDA:85,3,1,0
BRDA:85,4,0,0
BRDA:85,4,1,0
BRF:10
BRH:0
end_of_record
TN:
SF:src\app\(dashboard)\purchases\placeholder.tsx
FN:4,PurchasesPlaceholderPage
FNF:1
FNH:0
FNDA:0,PurchasesPlaceholderPage
DA:1,0
DA:2,0
DA:4,0
DA:11,0
LF:4
LH:0
BRF:0
BRH:0
end_of_record
TN:
SF:src\app\(dashboard)\purchases\edit-returns\page.tsx
FN:3,EditReturnsPage
FNF:1
FNH:0
FNDA:0,EditReturnsPage
DA:1,0
DA:3,0
DA:4,0
LF:3
LH:0
BRF:0
BRH:0
end_of_record
TN:
SF:src\app\(dashboard)\purchases\general-returns\page.tsx
FN:3,GeneralReturnsPage
FNF:1
FNH:0
FNDA:0,GeneralReturnsPage
DA:1,0
DA:3,0
DA:4,0
LF:3
LH:0
BRF:0
BRH:0
end_of_record
TN:
SF:src\app\(dashboard)\purchases\general-returns\new\page.tsx
FN:5,NewGeneralReturnPage
FNF:1
FNH:0
FNDA:0,NewGeneralReturnPage
DA:3,0
DA:5,0
LF:2
LH:0
BRF:0
BRH:0
end_of_record
TN:
SF:src\app\(dashboard)\purchases\new\PurchaseInvoiceClient.tsx
FN:46,normalizeDateToYMD
FN:60,(anonymous_6)
FN:61,(anonymous_7)
FN:64,(anonymous_8)
FN:64,(anonymous_9)
FN:65,(anonymous_11)
FN:65,(anonymous_12)
FN:67,ContextMenuItem
FN:79,PurchaseInvoiceClient
FN:84,(anonymous_16)
FN:96,(anonymous_17)
FN:98,(anonymous_18)
FN:99,(anonymous_19)
FN:101,(anonymous_20)
FN:119,(anonymous_21)
FN:120,(anonymous_22)
FN:123,(anonymous_23)
FN:129,(anonymous_24)
FN:149,(anonymous_25)
FN:174,(anonymous_26)
FN:175,(anonymous_27)
FN:182,(anonymous_28)
FN:184,(anonymous_29)
FN:189,(anonymous_30)
FN:205,(anonymous_31)
FN:236,(anonymous_32)
FN:237,(anonymous_33)
FN:238,(anonymous_34)
FN:239,(anonymous_35)
FN:247,(anonymous_36)
FN:248,(anonymous_37)
FN:256,(anonymous_38)
FN:264,(anonymous_39)
FN:264,(anonymous_40)
FN:265,(anonymous_41)
FN:293,(anonymous_42)
FN:299,(anonymous_43)
FN:315,(anonymous_44)
FN:338,(anonymous_45)
FN:346,(anonymous_46)
FN:356,(anonymous_47)
FN:360,(anonymous_48)
FN:375,(anonymous_49)
FN:399,(anonymous_50)
FN:400,(anonymous_51)
FN:400,(anonymous_52)
FN:420,(anonymous_53)
FN:421,(anonymous_54)
FN:421,(anonymous_55)
FN:424,(anonymous_56)
FN:431,(anonymous_57)
FN:436,(anonymous_58)
FN:437,(anonymous_59)
FN:444,(anonymous_60)
FN:446,(anonymous_61)
FN:469,(anonymous_62)
FN:496,(anonymous_63)
FN:503,(anonymous_64)
FN:521,(anonymous_65)
FN:555,(anonymous_66)
FN:562,(anonymous_67)
FN:568,(anonymous_68)
FN:591,(anonymous_69)
FN:641,(anonymous_70)
FN:709,(anonymous_71)
FN:771,(anonymous_72)
FN:781,(anonymous_73)
FN:800,(anonymous_74)
FN:804,(anonymous_75)
FN:830,(anonymous_76)
FN:849,(anonymous_77)
FN:850,(anonymous_78)
FN:851,(anonymous_79)
FN:865,(anonymous_80)
FN:875,(anonymous_81)
FN:885,(anonymous_82)
FN:901,(anonymous_83)
FN:920,(anonymous_84)
FN:938,(anonymous_85)
FN:956,(anonymous_86)
FN:974,(anonymous_87)
FN:990,(anonymous_88)
FN:1017,(anonymous_89)
FN:1021,(anonymous_90)
FN:1024,(anonymous_91)
FN:1051,(anonymous_92)
FN:1064,(anonymous_93)
FN:1087,(anonymous_94)
FN:1104,(anonymous_95)
FN:1120,(anonymous_96)
FN:1167,(anonymous_97)
FN:1170,(anonymous_98)
FN:1181,(anonymous_99)
FN:1190,(anonymous_100)
FN:1204,(anonymous_101)
FN:1216,(anonymous_102)
FN:1232,(anonymous_103)
FN:1233,(anonymous_104)
FN:1234,(anonymous_105)
FN:1244,(anonymous_106)
FN:1256,(anonymous_107)
FN:1268,(anonymous_108)
FN:1282,(anonymous_109)
FN:1297,(anonymous_110)
FN:1324,(anonymous_111)
FN:1332,(anonymous_112)
FN:1349,(anonymous_113)
FN:1354,(anonymous_114)
FN:1361,(anonymous_115)
FN:1373,(anonymous_116)
FN:1374,(anonymous_117)
FN:1375,(anonymous_118)
FN:1375,(anonymous_119)
FN:1394,(anonymous_120)
FN:1395,(anonymous_121)
FN:1419,(anonymous_122)
FN:1426,(anonymous_123)
FN:1433,(anonymous_124)
FNF:118
FNH:0
FNDA:0,normalizeDateToYMD
FNDA:0,(anonymous_6)
FNDA:0,(anonymous_7)
FNDA:0,(anonymous_8)
FNDA:0,(anonymous_9)
FNDA:0,(anonymous_11)
FNDA:0,(anonymous_12)
FNDA:0,ContextMenuItem
FNDA:0,PurchaseInvoiceClient
FNDA:0,(anonymous_16)
FNDA:0,(anonymous_17)
FNDA:0,(anonymous_18)
FNDA:0,(anonymous_19)
FNDA:0,(anonymous_20)
FNDA:0,(anonymous_21)
FNDA:0,(anonymous_22)
FNDA:0,(anonymous_23)
FNDA:0,(anonymous_24)
FNDA:0,(anonymous_25)
FNDA:0,(anonymous_26)
FNDA:0,(anonymous_27)
FNDA:0,(anonymous_28)
FNDA:0,(anonymous_29)
FNDA:0,(anonymous_30)
FNDA:0,(anonymous_31)
FNDA:0,(anonymous_32)
FNDA:0,(anonymous_33)
FNDA:0,(anonymous_34)
FNDA:0,(anonymous_35)
FNDA:0,(anonymous_36)
FNDA:0,(anonymous_37)
FNDA:0,(anonymous_38)
FNDA:0,(anonymous_39)
FNDA:0,(anonymous_40)
FNDA:0,(anonymous_41)
FNDA:0,(anonymous_42)
FNDA:0,(anonymous_43)
FNDA:0,(anonymous_44)
FNDA:0,(anonymous_45)
FNDA:0,(anonymous_46)
FNDA:0,(anonymous_47)
FNDA:0,(anonymous_48)
FNDA:0,(anonymous_49)
FNDA:0,(anonymous_50)
FNDA:0,(anonymous_51)
FNDA:0,(anonymous_52)
FNDA:0,(anonymous_53)
FNDA:0,(anonymous_54)
FNDA:0,(anonymous_55)
FNDA:0,(anonymous_56)
FNDA:0,(anonymous_57)
FNDA:0,(anonymous_58)
FNDA:0,(anonymous_59)
FNDA:0,(anonymous_60)
FNDA:0,(anonymous_61)
FNDA:0,(anonymous_62)
FNDA:0,(anonymous_63)
FNDA:0,(anonymous_64)
FNDA:0,(anonymous_65)
FNDA:0,(anonymous_66)
FNDA:0,(anonymous_67)
FNDA:0,(anonymous_68)
FNDA:0,(anonymous_69)
FNDA:0,(anonymous_70)
FNDA:0,(anonymous_71)
FNDA:0,(anonymous_72)
FNDA:0,(anonymous_73)
FNDA:0,(anonymous_74)
FNDA:0,(anonymous_75)
FNDA:0,(anonymous_76)
FNDA:0,(anonymous_77)
FNDA:0,(anonymous_78)
FNDA:0,(anonymous_79)
FNDA:0,(anonymous_80)
FNDA:0,(anonymous_81)
FNDA:0,(anonymous_82)
FNDA:0,(anonymous_83)
FNDA:0,(anonymous_84)
FNDA:0,(anonymous_85)
FNDA:0,(anonymous_86)
FNDA:0,(anonymous_87)
FNDA:0,(anonymous_88)
FNDA:0,(anonymous_89)
FNDA:0,(anonymous_90)
FNDA:0,(anonymous_91)
FNDA:0,(anonymous_92)
FNDA:0,(anonymous_93)
FNDA:0,(anonymous_94)
FNDA:0,(anonymous_95)
FNDA:0,(anonymous_96)
FNDA:0,(anonymous_97)
FNDA:0,(anonymous_98)
FNDA:0,(anonymous_99)
FNDA:0,(anonymous_100)
FNDA:0,(anonymous_101)
FNDA:0,(anonymous_102)
FNDA:0,(anonymous_103)
FNDA:0,(anonymous_104)
FNDA:0,(anonymous_105)
FNDA:0,(anonymous_106)
FNDA:0,(anonymous_107)
FNDA:0,(anonymous_108)
FNDA:0,(anonymous_109)
FNDA:0,(anonymous_110)
FNDA:0,(anonymous_111)
FNDA:0,(anonymous_112)
FNDA:0,(anonymous_113)
FNDA:0,(anonymous_114)
FNDA:0,(anonymous_115)
FNDA:0,(anonymous_116)
FNDA:0,(anonymous_117)
FNDA:0,(anonymous_118)
FNDA:0,(anonymous_119)
FNDA:0,(anonymous_120)
FNDA:0,(anonymous_121)
FNDA:0,(anonymous_122)
FNDA:0,(anonymous_123)
FNDA:0,(anonymous_124)
DA:3,0
DA:4,0
DA:5,0
DA:24,0
DA:25,0
DA:35,0
DA:36,0
DA:37,0
DA:38,0
DA:40,0
DA:45,0
DA:47,0
DA:48,0
DA:49,0
DA:50,0
DA:51,0
DA:52,0
DA:53,0
DA:54,0
DA:55,0
DA:56,0
DA:59,0
DA:60,0
DA:61,0
DA:64,0
DA:65,0
DA:79,0
DA:80,0
DA:81,0
DA:82,0
DA:84,0
DA:85,0
DA:86,0
DA:87,0
DA:88,0
DA:89,0
DA:90,0
DA:91,0
DA:92,0
DA:93,0
DA:94,0
DA:96,0
DA:98,0
DA:99,0
DA:100,0
DA:101,0
DA:103,0
DA:115,0
DA:116,0
DA:117,0
DA:119,0
DA:120,0
DA:123,0
DA:124,0
DA:125,0
DA:126,0
DA:129,0
DA:130,0
DA:133,0
DA:134,0
DA:135,0
DA:136,0
DA:137,0
DA:138,0
DA:139,0
DA:140,0
DA:141,0
DA:142,0
DA:143,0
DA:144,0
DA:145,0
DA:146,0
DA:147,0
DA:149,0
DA:150,0
DA:151,0
DA:152,0
DA:153,0
DA:154,0
DA:156,0
DA:157,0
DA:158,0
DA:159,0
DA:160,0
DA:162,0
DA:163,0
DA:164,0
DA:165,0
DA:166,0
DA:167,0
DA:174,0
DA:175,0
DA:176,0
DA:177,0
DA:178,0
DA:182,0
DA:183,0
DA:184,0
DA:185,0
DA:186,0
DA:187,0
DA:188,0
DA:189,0
DA:190,0
DA:192,0
DA:205,0
DA:223,0
DA:224,0
DA:225,0
DA:227,0
DA:230,0
DA:231,0
DA:236,0
DA:237,0
DA:238,0
DA:239,0
DA:240,0
DA:241,0
DA:244,0
DA:247,0
DA:248,0
DA:249,0
DA:253,0
DA:256,0
DA:257,0
DA:258,0
DA:259,0
DA:261,0
DA:262,0
DA:264,0
DA:265,0
DA:266,0
DA:267,0
DA:268,0
DA:274,0
DA:275,0
DA:276,0
DA:278,0
DA:279,0
DA:282,0
DA:283,0
DA:284,0
DA:286,0
DA:287,0
DA:289,0
DA:290,0
DA:294,0
DA:295,0
DA:296,0
DA:297,0
DA:299,0
DA:300,0
DA:302,0
DA:315,0
DA:333,0
DA:334,0
DA:336,0
DA:339,0
DA:340,0
DA:341,0
DA:346,0
DA:347,0
DA:348,0
DA:349,0
DA:350,0
DA:352,0
DA:356,0
DA:357,0
DA:358,0
DA:359,0
DA:360,0
DA:361,0
DA:362,0
DA:363,0
DA:365,0
DA:366,0
DA:367,0
DA:371,0
DA:375,0
DA:376,0
DA:377,0
DA:378,0
DA:394,0
DA:395,0
DA:399,0
DA:400,0
DA:401,0
DA:402,0
DA:405,0
DA:406,0
DA:407,0
DA:408,0
DA:409,0
DA:410,0
DA:411,0
DA:414,0
DA:416,0
DA:420,0
DA:421,0
DA:424,0
DA:425,0
DA:426,0
DA:431,0
DA:432,0
DA:433,0
DA:436,0
DA:437,0
DA:438,0
DA:439,0
DA:440,0
DA:441,0
DA:444,0
DA:445,0
DA:446,0
DA:447,0
DA:449,0
DA:450,0
DA:451,0
DA:452,0
DA:453,0
DA:454,0
DA:455,0
DA:456,0
DA:469,0
DA:487,0
DA:488,0
DA:491,0
DA:493,0
DA:496,0
DA:497,0
DA:504,0
DA:505,0
DA:506,0
DA:507,0
DA:508,0
DA:521,0
DA:539,0
DA:540,0
DA:542,0
DA:543,0
DA:546,0
DA:547,0
DA:555,0
DA:562,0
DA:563,0
DA:564,0
DA:568,0
DA:569,0
DA:571,0
DA:572,0
DA:574,0
DA:575,0
DA:577,0
DA:578,0
DA:580,0
DA:581,0
DA:583,0
DA:584,0
DA:586,0
DA:587,0
DA:591,0
DA:595,0
DA:598,0
DA:599,0
DA:601,0
DA:602,0
DA:603,0
DA:606,0
DA:607,0
DA:608,0
DA:611,0
DA:612,0
DA:613,0
DA:614,0
DA:615,0
DA:616,0
DA:617,0
DA:618,0
DA:622,0
DA:623,0
DA:627,0
DA:628,0
DA:630,0
DA:631,0
DA:632,0
DA:633,0
DA:634,0
DA:635,0
DA:636,0
DA:639,0
DA:640,0
DA:641,0
DA:642,0
DA:644,0
DA:645,0
DA:646,0
DA:647,0
DA:648,0
DA:649,0
DA:650,0
DA:651,0
DA:652,0
DA:654,0
DA:658,0
DA:659,0
DA:660,0
DA:661,0
DA:662,0
DA:664,0
DA:665,0
DA:666,0
DA:667,0
DA:668,0
DA:669,0
DA:670,0
DA:671,0
DA:672,0
DA:673,0
DA:674,0
DA:680,0
DA:681,0
DA:683,0
DA:685,0
DA:686,0
DA:701,0
DA:710,0
DA:716,0
DA:717,0
DA:718,0
DA:719,0
DA:722,0
DA:723,0
DA:724,0
DA:725,0
DA:727,0
DA:728,0
DA:730,0
DA:731,0
DA:732,0
DA:733,0
DA:735,0
DA:736,0
DA:739,0
DA:740,0
DA:741,0
DA:744,0
DA:746,0
DA:747,0
DA:748,0
DA:772,0
DA:773,0
DA:781,0
DA:800,0
DA:805,0
DA:830,0
DA:849,0
DA:850,0
DA:851,0
DA:865,0
DA:875,0
DA:885,0
DA:901,0
DA:921,0
DA:922,0
DA:939,0
DA:940,0
DA:957,0
DA:958,0
DA:975,0
DA:976,0
DA:990,0
DA:1017,0
DA:1022,0
DA:1024,0
DA:1051,0
DA:1065,0
DA:1066,0
DA:1087,0
DA:1104,0
DA:1121,0
DA:1122,0
DA:1123,0
DA:1124,0
DA:1127,0
DA:1128,0
DA:1129,0
DA:1168,0
DA:1169,0
DA:1170,0
DA:1181,0
DA:1191,0
DA:1192,0
DA:1205,0
DA:1206,0
DA:1217,0
DA:1218,0
DA:1232,0
DA:1233,0
DA:1234,0
DA:1245,0
DA:1246,0
DA:1257,0
DA:1258,0
DA:1269,0
DA:1270,0
DA:1283,0
DA:1284,0
DA:1297,0
DA:1324,0
DA:1333,0
DA:1334,0
DA:1335,0
DA:1349,0
DA:1354,0
DA:1362,0
DA:1363,0
DA:1373,0
DA:1375,0
DA:1394,0
DA:1396,0
DA:1397,0
DA:1398,0
DA:1408,0
DA:1419,0
DA:1427,0
DA:1433,0
LF:426
LH:0
BRDA:47,0,0,0
BRDA:47,0,1,0
BRDA:49,1,0,0
BRDA:49,1,1,0
BRDA:51,2,0,0
BRDA:51,2,1,0
BRDA:53,3,0,0
BRDA:53,3,1,0
BRDA:55,4,0,0
BRDA:55,4,1,0
BRDA:61,5,0,0
BRDA:61,5,1,0
BRDA:62,6,0,0
BRDA:62,6,1,0
BRDA:67,7,0,0
BRDA:90,8,0,0
BRDA:90,8,1,0
BRDA:91,9,0,0
BRDA:91,9,1,0
BRDA:92,10,0,0
BRDA:92,10,1,0
BRDA:93,11,0,0
BRDA:93,11,1,0
BRDA:120,12,0,0
BRDA:120,12,1,0
BRDA:150,13,0,0
BRDA:150,13,1,0
BRDA:154,14,0,0
BRDA:154,14,1,0
BRDA:154,15,0,0
BRDA:154,15,1,0
BRDA:158,16,0,0
BRDA:158,16,1,0
BRDA:158,17,0,0
BRDA:158,17,1,0
BRDA:163,18,0,0
BRDA:163,18,1,0
BRDA:165,19,0,0
BRDA:165,19,1,0
BRDA:177,20,0,0
BRDA:177,20,1,0
BRDA:178,21,0,0
BRDA:178,21,1,0
BRDA:187,22,0,0
BRDA:187,22,1,0
BRDA:187,23,0,0
BRDA:187,23,1,0
BRDA:190,24,0,0
BRDA:190,24,1,0
BRDA:194,25,0,0
BRDA:194,25,1,0
BRDA:195,26,0,0
BRDA:195,26,1,0
BRDA:196,27,0,0
BRDA:196,27,1,0
BRDA:197,28,0,0
BRDA:197,28,1,0
BRDA:198,29,0,0
BRDA:198,29,1,0
BRDA:199,30,0,0
BRDA:199,30,1,0
BRDA:200,31,0,0
BRDA:200,31,1,0
BRDA:201,32,0,0
BRDA:201,32,1,0
BRDA:202,33,0,0
BRDA:202,33,1,0
BRDA:209,34,0,0
BRDA:209,34,1,0
BRDA:209,34,2,0
BRDA:209,34,3,0
BRDA:210,35,0,0
BRDA:210,35,1,0
BRDA:211,36,0,0
BRDA:211,36,1,0
BRDA:212,37,0,0
BRDA:212,37,1,0
BRDA:213,38,0,0
BRDA:213,38,1,0
BRDA:214,39,0,0
BRDA:214,39,1,0
BRDA:215,40,0,0
BRDA:215,40,1,0
BRDA:216,41,0,0
BRDA:216,41,1,0
BRDA:217,42,0,0
BRDA:217,42,1,0
BRDA:218,43,0,0
BRDA:218,43,1,0
BRDA:219,44,0,0
BRDA:219,44,1,0
BRDA:220,45,0,0
BRDA:220,45,1,0
BRDA:221,46,0,0
BRDA:221,46,1,0
BRDA:221,46,2,0
BRDA:241,47,0,0
BRDA:241,47,1,0
BRDA:249,48,0,0
BRDA:249,48,1,0
BRDA:258,49,0,0
BRDA:258,49,1,0
BRDA:258,50,0,0
BRDA:258,50,1,0
BRDA:266,51,0,0
BRDA:266,51,1,0
BRDA:266,52,0,0
BRDA:266,52,1,0
BRDA:268,53,0,0
BRDA:268,53,1,0
BRDA:275,54,0,0
BRDA:275,54,1,0
BRDA:275,55,0,0
BRDA:275,55,1,0
BRDA:283,56,0,0
BRDA:283,56,1,0
BRDA:283,57,0,0
BRDA:283,57,1,0
BRDA:283,57,2,0
BRDA:295,58,0,0
BRDA:295,58,1,0
BRDA:295,59,0,0
BRDA:295,59,1,0
BRDA:295,59,2,0
BRDA:300,60,0,0
BRDA:300,60,1,0
BRDA:304,61,0,0
BRDA:304,61,1,0
BRDA:305,62,0,0
BRDA:305,62,1,0
BRDA:306,63,0,0
BRDA:306,63,1,0
BRDA:307,64,0,0
BRDA:307,64,1,0
BRDA:308,65,0,0
BRDA:308,65,1,0
BRDA:309,66,0,0
BRDA:309,66,1,0
BRDA:310,67,0,0
BRDA:310,67,1,0
BRDA:311,68,0,0
BRDA:311,68,1,0
BRDA:312,69,0,0
BRDA:312,69,1,0
BRDA:319,70,0,0
BRDA:319,70,1,0
BRDA:319,70,2,0
BRDA:319,70,3,0
BRDA:320,71,0,0
BRDA:320,71,1,0
BRDA:321,72,0,0
BRDA:321,72,1,0
BRDA:322,73,0,0
BRDA:322,73,1,0
BRDA:323,74,0,0
BRDA:323,74,1,0
BRDA:324,75,0,0
BRDA:324,75,1,0
BRDA:325,76,0,0
BRDA:325,76,1,0
BRDA:326,77,0,0
BRDA:326,77,1,0
BRDA:327,78,0,0
BRDA:327,78,1,0
BRDA:328,79,0,0
BRDA:328,79,1,0
BRDA:329,80,0,0
BRDA:329,80,1,0
BRDA:330,81,0,0
BRDA:330,81,1,0
BRDA:331,82,0,0
BRDA:331,82,1,0
BRDA:331,82,2,0
BRDA:346,83,0,0
BRDA:348,84,0,0
BRDA:348,84,1,0
BRDA:350,85,0,0
BRDA:350,85,1,0
BRDA:357,86,0,0
BRDA:357,86,1,0
BRDA:358,87,0,0
BRDA:358,87,1,0
BRDA:362,88,0,0
BRDA:362,88,1,0
BRDA:362,89,0,0
BRDA:362,89,1,0
BRDA:366,90,0,0
BRDA:366,90,1,0
BRDA:366,91,0,0
BRDA:366,91,1,0
BRDA:376,92,0,0
BRDA:376,92,1,0
BRDA:377,93,0,0
BRDA:377,93,1,0
BRDA:401,94,0,0
BRDA:401,94,1,0
BRDA:405,95,0,0
BRDA:405,95,1,0
BRDA:405,96,0,0
BRDA:405,96,1,0
BRDA:406,97,0,0
BRDA:406,97,1,0
BRDA:406,98,0,0
BRDA:406,98,1,0
BRDA:407,99,0,0
BRDA:407,99,1,0
BRDA:410,100,0,0
BRDA:410,100,1,0
BRDA:425,101,0,0
BRDA:425,101,1,0
BRDA:425,102,0,0
BRDA:425,102,1,0
BRDA:427,103,0,0
BRDA:427,103,1,0
BRDA:428,104,0,0
BRDA:428,104,1,0
BRDA:432,105,0,0
BRDA:432,105,1,0
BRDA:432,106,0,0
BRDA:432,106,1,0
BRDA:433,107,0,0
BRDA:433,107,1,0
BRDA:433,108,0,0
BRDA:433,108,1,0
BRDA:438,109,0,0
BRDA:438,109,1,0
BRDA:439,110,0,0
BRDA:439,110,1,0
BRDA:440,111,0,0
BRDA:440,111,1,0
BRDA:444,112,0,0
BRDA:445,113,0,0
BRDA:445,113,1,0
BRDA:447,114,0,0
BRDA:447,114,1,0
BRDA:449,115,0,0
BRDA:449,115,1,0
BRDA:451,116,0,0
BRDA:451,116,1,0
BRDA:451,117,0,0
BRDA:451,117,1,0
BRDA:452,118,0,0
BRDA:452,118,1,0
BRDA:455,119,0,0
BRDA:455,119,1,0
BRDA:458,120,0,0
BRDA:458,120,1,0
BRDA:459,121,0,0
BRDA:459,121,1,0
BRDA:460,122,0,0
BRDA:460,122,1,0
BRDA:461,123,0,0
BRDA:461,123,1,0
BRDA:462,124,0,0
BRDA:462,124,1,0
BRDA:463,125,0,0
BRDA:463,125,1,0
BRDA:464,126,0,0
BRDA:464,126,1,0
BRDA:465,127,0,0
BRDA:465,127,1,0
BRDA:466,128,0,0
BRDA:466,128,1,0
BRDA:473,129,0,0
BRDA:473,129,1,0
BRDA:473,129,2,0
BRDA:473,129,3,0
BRDA:474,130,0,0
BRDA:474,130,1,0
BRDA:475,131,0,0
BRDA:475,131,1,0
BRDA:476,132,0,0
BRDA:476,132,1,0
BRDA:477,133,0,0
BRDA:477,133,1,0
BRDA:478,134,0,0
BRDA:478,134,1,0
BRDA:479,135,0,0
BRDA:479,135,1,0
BRDA:480,136,0,0
BRDA:480,136,1,0
BRDA:481,137,0,0
BRDA:481,137,1,0
BRDA:482,138,0,0
BRDA:482,138,1,0
BRDA:483,139,0,0
BRDA:483,139,1,0
BRDA:484,140,0,0
BRDA:484,140,1,0
BRDA:485,141,0,0
BRDA:485,141,1,0
BRDA:485,141,2,0
BRDA:501,142,0,0
BRDA:501,142,1,0
BRDA:507,143,0,0
BRDA:507,143,1,0
BRDA:510,144,0,0
BRDA:510,144,1,0
BRDA:511,145,0,0
BRDA:511,145,1,0
BRDA:512,146,0,0
BRDA:512,146,1,0
BRDA:513,147,0,0
BRDA:513,147,1,0
BRDA:514,148,0,0
BRDA:514,148,1,0
BRDA:515,149,0,0
BRDA:515,149,1,0
BRDA:516,150,0,0
BRDA:516,150,1,0
BRDA:517,151,0,0
BRDA:517,151,1,0
BRDA:518,152,0,0
BRDA:518,152,1,0
BRDA:525,153,0,0
BRDA:525,153,1,0
BRDA:525,153,2,0
BRDA:525,153,3,0
BRDA:526,154,0,0
BRDA:526,154,1,0
BRDA:527,155,0,0
BRDA:527,155,1,0
BRDA:528,156,0,0
BRDA:528,156,1,0
BRDA:529,157,0,0
BRDA:529,157,1,0
BRDA:530,158,0,0
BRDA:530,158,1,0
BRDA:531,159,0,0
BRDA:531,159,1,0
BRDA:532,160,0,0
BRDA:532,160,1,0
BRDA:533,161,0,0
BRDA:533,161,1,0
BRDA:534,162,0,0
BRDA:534,162,1,0
BRDA:535,163,0,0
BRDA:535,163,1,0
BRDA:536,164,0,0
BRDA:536,164,1,0
BRDA:537,165,0,0
BRDA:537,165,1,0
BRDA:537,165,2,0
BRDA:563,166,0,0
BRDA:563,166,1,0
BRDA:563,167,0,0
BRDA:563,167,1,0
BRDA:568,168,0,0
BRDA:569,169,0,0
BRDA:569,169,1,0
BRDA:574,170,0,0
BRDA:574,170,1,0
BRDA:577,171,0,0
BRDA:577,171,1,0
BRDA:577,172,0,0
BRDA:577,172,1,0
BRDA:577,172,2,0
BRDA:580,173,0,0
BRDA:580,173,1,0
BRDA:580,174,0,0
BRDA:580,174,1,0
BRDA:580,174,2,0
BRDA:583,175,0,0
BRDA:583,175,1,0
BRDA:583,176,0,0
BRDA:583,176,1,0
BRDA:583,176,2,0
BRDA:586,177,0,0
BRDA:586,177,1,0
BRDA:593,178,0,0
BRDA:593,178,1,0
BRDA:601,179,0,0
BRDA:601,179,1,0
BRDA:602,180,0,0
BRDA:602,180,1,0
BRDA:606,181,0,0
BRDA:606,181,1,0
BRDA:607,182,0,0
BRDA:607,182,1,0
BRDA:607,183,0,0
BRDA:607,183,1,0
BRDA:611,184,0,0
BRDA:611,184,1,0
BRDA:611,185,0,0
BRDA:611,185,1,0
BRDA:611,185,2,0
BRDA:613,186,0,0
BRDA:613,186,1,0
BRDA:615,187,0,0
BRDA:615,187,1,0
BRDA:617,188,0,0
BRDA:617,188,1,0
BRDA:622,189,0,0
BRDA:622,189,1,0
BRDA:630,190,0,0
BRDA:630,190,1,0
BRDA:631,191,0,0
BRDA:631,191,1,0
BRDA:632,192,0,0
BRDA:632,192,1,0
BRDA:633,193,0,0
BRDA:633,193,1,0
BRDA:634,194,0,0
BRDA:634,194,1,0
BRDA:635,195,0,0
BRDA:635,195,1,0
BRDA:639,196,0,0
BRDA:639,196,1,0
BRDA:642,197,0,0
BRDA:642,197,1,0
BRDA:642,198,0,0
BRDA:642,198,1,0
BRDA:645,199,0,0
BRDA:645,199,1,0
BRDA:647,200,0,0
BRDA:647,200,1,0
BRDA:649,201,0,0
BRDA:649,201,1,0
BRDA:651,202,0,0
BRDA:651,202,1,0
BRDA:659,203,0,0
BRDA:659,203,1,0
BRDA:660,204,0,0
BRDA:660,204,1,0
BRDA:661,205,0,0
BRDA:661,205,1,0
BRDA:661,206,0,0
BRDA:661,206,1,0
BRDA:662,207,0,0
BRDA:662,207,1,0
BRDA:664,208,0,0
BRDA:664,208,1,0
BRDA:666,209,0,0
BRDA:666,209,1,0
BRDA:673,210,0,0
BRDA:673,210,1,0
BRDA:673,211,0,0
BRDA:673,211,1,0
BRDA:674,212,0,0
BRDA:674,212,1,0
BRDA:681,213,0,0
BRDA:681,213,1,0
BRDA:685,214,0,0
BRDA:685,214,1,0
BRDA:689,215,0,0
BRDA:689,215,1,0
BRDA:690,216,0,0
BRDA:690,216,1,0
BRDA:691,217,0,0
BRDA:691,217,1,0
BRDA:692,218,0,0
BRDA:692,218,1,0
BRDA:693,219,0,0
BRDA:693,219,1,0
BRDA:694,220,0,0
BRDA:694,220,1,0
BRDA:695,221,0,0
BRDA:695,221,1,0
BRDA:696,222,0,0
BRDA:696,222,1,0
BRDA:697,223,0,0
BRDA:697,223,1,0
BRDA:703,224,0,0
BRDA:703,224,1,0
BRDA:704,225,0,0
BRDA:704,225,1,0
BRDA:705,226,0,0
BRDA:705,226,1,0
BRDA:706,227,0,0
BRDA:706,227,1,0
BRDA:708,228,0,0
BRDA:708,228,1,0
BRDA:712,229,0,0
BRDA:712,229,1,0
BRDA:716,230,0,0
BRDA:716,230,1,0
BRDA:717,231,0,0
BRDA:717,231,1,0
BRDA:722,232,0,0
BRDA:722,232,1,0
BRDA:724,233,0,0
BRDA:724,233,1,0
BRDA:730,234,0,0
BRDA:730,234,1,0
BRDA:732,235,0,0
BRDA:732,235,1,0
BRDA:744,236,0,0
BRDA:744,236,1,0
BRDA:761,237,0,0
BRDA:761,237,1,0
BRDA:764,238,0,0
BRDA:764,238,1,0
BRDA:769,239,0,0
BRDA:797,240,0,0
BRDA:797,240,1,0
BRDA:799,241,0,0
BRDA:799,241,1,0
BRDA:808,242,0,0
BRDA:827,243,0,0
BRDA:827,243,1,0
BRDA:846,244,0,0
BRDA:846,244,1,0
BRDA:868,245,0,0
BRDA:868,245,1,0
BRDA:878,246,0,0
BRDA:878,246,1,0
BRDA:888,247,0,0
BRDA:888,247,1,0
BRDA:895,248,0,0
BRDA:989,249,0,0
BRDA:989,249,1,0
BRDA:1019,250,0,0
BRDA:1027,251,0,0
BRDA:1027,251,1,0
BRDA:1028,252,0,0
BRDA:1033,253,0,0
BRDA:1033,253,1,0
BRDA:1038,254,0,0
BRDA:1088,255,0,0
BRDA:1088,255,1,0
BRDA:1088,255,2,0
BRDA:1092,256,0,0
BRDA:1096,257,0,0
BRDA:1096,257,1,0
BRDA:1102,258,0,0
BRDA:1102,258,1,0
BRDA:1105,259,0,0
BRDA:1105,259,1,0
BRDA:1105,259,2,0
BRDA:1109,260,0,0
BRDA:1121,261,0,0
BRDA:1121,261,1,0
BRDA:1122,262,0,0
BRDA:1122,262,1,0
BRDA:1127,263,0,0
BRDA:1127,263,1,0
BRDA:1136,264,0,0
BRDA:1136,264,1,0
BRDA:1172,265,0,0
BRDA:1172,265,1,0
BRDA:1180,266,0,0
BRDA:1180,266,1,0
BRDA:1201,267,0,0
BRDA:1201,267,1,0
BRDA:1229,268,0,0
BRDA:1229,268,1,0
BRDA:1229,269,0,0
BRDA:1229,269,1,0
BRDA:1243,270,0,0
BRDA:1243,270,1,0
BRDA:1243,271,0,0
BRDA:1243,271,1,0
BRDA:1246,272,0,0
BRDA:1246,272,1,0
BRDA:1279,273,0,0
BRDA:1279,273,1,0
BRDA:1305,274,0,0
BRDA:1322,275,0,0
BRDA:1328,276,0,0
BRDA:1328,276,1,0
BRDA:1340,277,0,0
BRDA:1370,278,0,0
BRDA:1375,279,0,0
BRDA:1375,279,1,0
BRDA:1380,280,0,0
BRDA:1380,280,1,0
BRDA:1381,281,0,0
BRDA:1381,281,1,0
BRDA:1392,282,0,0
BRDA:1397,283,0,0
BRDA:1397,283,1,0
BRDA:1405,284,0,0
BRDA:1405,284,1,0
BRDA:1406,285,0,0
BRDA:1406,285,1,0
BRDA:1414,286,0,0
BRDA:1423,287,0,0
BRDA:1423,287,1,0
BRDA:1430,288,0,0
BRDA:1430,288,1,0
BRF:580
BRH:0
end_of_record
TN:
SF:src\app\(dashboard)\purchases\new\page.tsx
FN:3,NewPurchaseInvoicePage
FNF:1
FNH:0
FNDA:0,NewPurchaseInvoicePage
DA:1,0
DA:3,0
DA:4,0
LF:3
LH:0
BRF:0
BRH:0
end_of_record
TN:
SF:src\app\(dashboard)\purchases\reports\page.tsx
FN:9,PurchaseReportsPage
FN:13,(anonymous_6)
FN:14,load
FN:39,(anonymous_8)
FNF:4
FNH:0
FNDA:0,PurchaseReportsPage
FNDA:0,(anonymous_6)
FNDA:0,load
FNDA:0,(anonymous_8)
DA:3,0
DA:4,0
DA:5,0
DA:6,0
DA:7,0
DA:9,0
DA:10,0
DA:11,0
DA:13,0
DA:15,0
DA:16,0
DA:17,0
DA:19,0
DA:22,0
DA:30,0
DA:39,0
LF:16
LH:0
BRDA:22,0,0,0
BRDA:22,0,1,0
BRDA:30,1,0,0
BRDA:30,1,1,0
BRF:4
BRH:0
end_of_record
TN:
SF:src\app\(dashboard)\purchases\returns\page.tsx
FN:6,ReturnsPage
FNF:1
FNH:0
FNDA:0,ReturnsPage
DA:3,0
DA:4,0
DA:6,0
LF:3
LH:0
BRF:0
BRH:0
end_of_record
TN:
SF:src\app\(dashboard)\purchases\returns\new\PurchaseReturnClient.tsx
FN:16,PurchaseReturnClient
FN:34,(anonymous_6)
FN:35,(anonymous_7)
FN:41,(anonymous_8)
FN:48,(anonymous_9)
FN:53,(anonymous_10)
FN:62,(anonymous_11)
FN:72,(anonymous_12)
FN:85,(anonymous_13)
FN:86,(anonymous_14)
FN:96,(anonymous_15)
FN:99,(anonymous_16)
FN:104,(anonymous_17)
FN:108,(anonymous_18)
FN:121,(anonymous_19)
FN:147,(anonymous_20)
FN:148,(anonymous_21)
FN:187,(anonymous_22)
FN:188,(anonymous_23)
FN:190,(anonymous_24)
FN:199,(anonymous_25)
FN:243,(anonymous_26)
FN:246,(anonymous_27)
FN:266,(anonymous_28)
FN:269,(anonymous_29)
FN:331,(anonymous_30)
FN:357,(anonymous_31)
FN:362,(anonymous_32)
FN:412,(anonymous_33)
FN:425,(anonymous_34)
FNF:30
FNH:0
FNDA:0,PurchaseReturnClient
FNDA:0,(anonymous_6)
FNDA:0,(anonymous_7)
FNDA:0,(anonymous_8)
FNDA:0,(anonymous_9)
FNDA:0,(anonymous_10)
FNDA:0,(anonymous_11)
FNDA:0,(anonymous_12)
FNDA:0,(anonymous_13)
FNDA:0,(anonymous_14)
FNDA:0,(anonymous_15)
FNDA:0,(anonymous_16)
FNDA:0,(anonymous_17)
FNDA:0,(anonymous_18)
FNDA:0,(anonymous_19)
FNDA:0,(anonymous_20)
FNDA:0,(anonymous_21)
FNDA:0,(anonymous_22)
FNDA:0,(anonymous_23)
FNDA:0,(anonymous_24)
FNDA:0,(anonymous_25)
FNDA:0,(anonymous_26)
FNDA:0,(anonymous_27)
FNDA:0,(anonymous_28)
FNDA:0,(anonymous_29)
FNDA:0,(anonymous_30)
FNDA:0,(anonymous_31)
FNDA:0,(anonymous_32)
FNDA:0,(anonymous_33)
FNDA:0,(anonymous_34)
DA:3,0
DA:4,0
DA:6,0
DA:7,0
DA:8,0
DA:9,0
DA:14,0
DA:16,0
DA:17,0
DA:18,0
DA:19,0
DA:20,0
DA:23,0
DA:24,0
DA:25,0
DA:27,0
DA:28,0
DA:29,0
DA:30,0
DA:32,0
DA:34,0
DA:35,0
DA:36,0
DA:41,0
DA:42,0
DA:43,0
DA:44,0
DA:45,0
DA:46,0
DA:48,0
DA:49,0
DA:50,0
DA:51,0
DA:52,0
DA:53,0
DA:54,0
DA:55,0
DA:58,0
DA:62,0
DA:63,0
DA:64,0
DA:66,0
DA:67,0
DA:72,0
DA:73,0
DA:74,0
DA:75,0
DA:76,0
DA:85,0
DA:86,0
DA:87,0
DA:88,0
DA:89,0
DA:92,0
DA:94,0
DA:95,0
DA:96,0
DA:97,0
DA:98,0
DA:99,0
DA:103,0
DA:104,0
DA:108,0
DA:109,0
DA:110,0
DA:111,0
DA:112,0
DA:115,0
DA:116,0
DA:117,0
DA:119,0
DA:121,0
DA:142,0
DA:143,0
DA:147,0
DA:148,0
DA:149,0
DA:150,0
DA:151,0
DA:152,0
DA:158,0
DA:159,0
DA:160,0
DA:163,0
DA:164,0
DA:165,0
DA:166,0
DA:172,0
DA:180,0
DA:181,0
DA:182,0
DA:187,0
DA:188,0
DA:190,0
DA:191,0
DA:192,0
DA:193,0
DA:195,0
DA:196,0
DA:197,0
DA:199,0
DA:200,0
DA:201,0
DA:204,0
DA:205,0
DA:213,0
DA:214,0
DA:215,0
DA:217,0
DA:218,0
DA:243,0
DA:247,0
DA:267,0
DA:269,0
DA:332,0
DA:357,0
DA:362,0
DA:412,0
DA:425,0
LF:119
LH:0
BRDA:36,0,0,0
BRDA:36,0,1,0
BRDA:42,1,0,0
BRDA:42,1,1,0
BRDA:52,2,0,0
BRDA:52,2,1,0
BRDA:52,3,0,0
BRDA:52,3,1,0
BRDA:55,4,0,0
BRDA:55,4,1,0
BRDA:63,5,0,0
BRDA:63,5,1,0
BRDA:63,6,0,0
BRDA:63,6,1,0
BRDA:73,7,0,0
BRDA:73,7,1,0
BRDA:73,8,0,0
BRDA:73,8,1,0
BRDA:75,9,0,0
BRDA:75,9,1,0
BRDA:88,10,0,0
BRDA:88,10,1,0
BRDA:88,11,0,0
BRDA:88,11,1,0
BRDA:88,11,2,0
BRDA:88,11,3,0
BRDA:92,12,0,0
BRDA:92,12,1,0
BRDA:94,13,0,0
BRDA:94,13,1,0
BRDA:96,14,0,0
BRDA:96,14,1,0
BRDA:97,15,0,0
BRDA:97,15,1,0
BRDA:99,16,0,0
BRDA:99,16,1,0
BRDA:110,17,0,0
BRDA:110,17,1,0
BRDA:119,18,0,0
BRDA:119,18,1,0
BRDA:119,19,0,0
BRDA:119,19,1,0
BRDA:127,20,0,0
BRDA:127,20,1,0
BRDA:128,21,0,0
BRDA:128,21,1,0
BRDA:129,22,0,0
BRDA:129,22,1,0
BRDA:130,23,0,0
BRDA:130,23,1,0
BRDA:131,24,0,0
BRDA:131,24,1,0
BRDA:132,25,0,0
BRDA:132,25,1,0
BRDA:135,26,0,0
BRDA:135,26,1,0
BRDA:136,27,0,0
BRDA:136,27,1,0
BRDA:136,27,2,0
BRDA:137,28,0,0
BRDA:137,28,1,0
BRDA:138,29,0,0
BRDA:138,29,1,0
BRDA:151,30,0,0
BRDA:151,30,1,0
BRDA:158,31,0,0
BRDA:158,31,1,0
BRDA:159,32,0,0
BRDA:159,32,1,0
BRDA:163,33,0,0
BRDA:163,33,1,0
BRDA:172,34,0,0
BRDA:172,34,1,0
BRDA:180,35,0,0
BRDA:180,35,1,0
BRDA:180,36,0,0
BRDA:180,36,1,0
BRDA:191,37,0,0
BRDA:191,37,1,0
BRDA:195,38,0,0
BRDA:195,38,1,0
BRDA:199,39,0,0
BRDA:199,39,1,0
BRDA:199,40,0,0
BRDA:199,40,1,0
BRDA:213,41,0,0
BRDA:213,41,1,0
BRDA:261,42,0,0
BRDA:261,42,1,0
BRDA:263,43,0,0
BRDA:263,43,1,0
BRDA:271,44,0,0
BRDA:271,44,1,0
BRDA:277,45,0,0
BRDA:277,45,1,0
BRDA:279,46,0,0
BRDA:279,46,1,0
BRDA:279,47,0,0
BRDA:279,47,1,0
BRDA:283,48,0,0
BRDA:283,48,1,0
BRDA:285,49,0,0
BRDA:285,49,1,0
BRDA:288,50,0,0
BRDA:288,50,1,0
BRDA:293,51,0,0
BRDA:304,52,0,0
BRDA:309,53,0,0
BRDA:312,54,0,0
BRDA:312,54,1,0
BRDA:312,55,0,0
BRDA:312,55,1,0
BRDA:314,56,0,0
BRDA:314,56,1,0
BRDA:342,57,0,0
BRDA:342,57,1,0
BRDA:342,58,0,0
BRDA:342,58,1,0
BRDA:361,59,0,0
BRDA:361,59,1,0
BRDA:371,60,0,0
BRDA:371,60,1,0
BRDA:395,61,0,0
BRDA:395,61,1,0
BRDA:399,62,0,0
BRDA:399,62,1,0
BRF:126
BRH:0
end_of_record
TN:
SF:src\app\(dashboard)\purchases\returns\new\page.tsx
FN:4,NewReturnPage
FNF:1
FNH:0
FNDA:0,NewReturnPage
DA:1,0
DA:2,0
DA:4,0
DA:5,0
LF:4
LH:0
BRF:0
BRH:0
end_of_record
TN:
SF:src\app\(dashboard)\purchases\suppliers\page.tsx
FN:12,SuppliersPage
FN:17,(anonymous_6)
FN:30,(anonymous_7)
FN:34,(anonymous_8)
FN:38,(anonymous_9)
FN:42,(anonymous_10)
FNF:6
FNH:0
FNDA:0,SuppliersPage
FNDA:0,(anonymous_6)
FNDA:0,(anonymous_7)
FNDA:0,(anonymous_8)
FNDA:0,(anonymous_9)
FNDA:0,(anonymous_10)
DA:3,0
DA:4,0
DA:10,0
DA:12,0
DA:13,0
DA:14,0
DA:15,0
DA:17,0
DA:18,0
DA:19,0
DA:20,0
DA:21,0
DA:23,0
DA:24,0
DA:26,0
DA:30,0
DA:31,0
DA:34,0
DA:35,0
DA:38,0
DA:39,0
DA:42,0
DA:43,0
DA:46,0
DA:54,0
LF:25
LH:0
BRDA:20,0,0,0
BRDA:20,0,1,0
BRDA:20,1,0,0
BRDA:20,1,1,0
BRDA:21,2,0,0
BRDA:21,2,1,0
BRDA:24,3,0,0
BRDA:24,3,1,0
BRDA:46,4,0,0
BRDA:46,4,1,0
BRDA:54,5,0,0
BRDA:54,5,1,0
BRF:12
BRH:0
end_of_record
TN:
SF:src\app\(dashboard)\receipts\loading.tsx
FN:5,ReceiptsLoading
FN:25,(anonymous_3)
FNF:2
FNH:0
FNDA:0,ReceiptsLoading
FNDA:0,(anonymous_3)
DA:3,0
DA:5,0
DA:26,0
LF:3
LH:0
BRF:0
BRH:0
end_of_record
TN:
SF:src\app\(dashboard)\receipts\page.tsx
FN:9,ReceiptsPage
FN:15,(anonymous_6)
FN:16,loadReceipts
FN:53,(anonymous_8)
FN:85,(anonymous_9)
FN:86,(anonymous_10)
FN:93,(anonymous_11)
FNF:7
FNH:0
FNDA:0,ReceiptsPage
FNDA:0,(anonymous_6)
FNDA:0,loadReceipts
FNDA:0,(anonymous_8)
FNDA:0,(anonymous_9)
FNDA:0,(anonymous_10)
FNDA:0,(anonymous_11)
DA:3,0
DA:4,0
DA:5,0
DA:6,0
DA:7,0
DA:9,0
DA:10,0
DA:11,0
DA:12,0
DA:13,0
DA:15,0
DA:17,0
DA:18,0
DA:19,0
DA:20,0
DA:22,0
DA:24,0
DA:25,0
DA:27,0
DA:47,0
DA:48,0
DA:49,0
DA:53,0
DA:54,0
DA:85,0
DA:86,0
DA:88,0
DA:93,0
DA:114,0
DA:118,0
DA:120,0
DA:124,0
DA:127,0
DA:135,0
DA:136,0
LF:35
LH:0
BRDA:19,0,0,0
BRDA:19,0,1,0
BRDA:24,1,0,0
BRDA:24,1,1,0
BRDA:47,2,0,0
BRDA:47,2,1,0
BRDA:90,3,0,0
BRDA:90,3,1,0
BRDA:91,4,0,0
BRDA:91,4,1,0
BRDA:92,5,0,0
BRDA:92,5,1,0
BRDA:98,6,0,0
BRDA:98,6,1,0
BRDA:106,7,0,0
BRDA:106,7,1,0
BRDA:107,8,0,0
BRDA:107,8,1,0
BRDA:127,9,0,0
BRDA:127,9,1,0
BRDA:135,10,0,0
BRDA:135,10,1,0
BRDA:135,11,0,0
BRDA:135,11,1,0
BRF:24
BRH:0
end_of_record
TN:
SF:src\app\(dashboard)\reports\loading.tsx
FN:5,ReportsLoading
FN:16,(anonymous_3)
FNF:2
FNH:0
FNDA:0,ReportsLoading
FNDA:0,(anonymous_3)
DA:3,0
DA:5,0
DA:17,0
LF:3
LH:0
BRF:0
BRH:0
end_of_record
TN:
SF:src\app\(dashboard)\reports\page.tsx
FN:11,(anonymous_5)
FN:11,(anonymous_6)
FN:13,ReportsPage
FN:22,(anonymous_9)
FN:23,loadReportsData
FN:51,(anonymous_11)
FN:58,(anonymous_12)
FN:64,(anonymous_13)
FN:67,(anonymous_14)
FN:73,(anonymous_15)
FN:74,(anonymous_16)
FN:79,(anonymous_17)
FN:85,(anonymous_18)
FN:86,(anonymous_19)
FN:163,(anonymous_20)
FNF:15
FNH:0
FNDA:0,(anonymous_5)
FNDA:0,(anonymous_6)
FNDA:0,ReportsPage
FNDA:0,(anonymous_9)
FNDA:0,loadReportsData
FNDA:0,(anonymous_11)
FNDA:0,(anonymous_12)
FNDA:0,(anonymous_13)
FNDA:0,(anonymous_14)
FNDA:0,(anonymous_15)
FNDA:0,(anonymous_16)
FNDA:0,(anonymous_17)
FNDA:0,(anonymous_18)
FNDA:0,(anonymous_19)
FNDA:0,(anonymous_20)
DA:3,0
DA:4,0
DA:5,0
DA:6,0
DA:7,0
DA:9,0
DA:11,0
DA:13,0
DA:14,0
DA:15,0
DA:16,0
DA:17,0
DA:18,0
DA:19,0
DA:20,0
DA:22,0
DA:24,0
DA:25,0
DA:26,0
DA:27,0
DA:29,0
DA:30,0
DA:31,0
DA:34,0
DA:35,0
DA:36,0
DA:37,0
DA:40,0
DA:42,0
DA:45,0
DA:46,0
DA:47,0
DA:48,0
DA:51,0
DA:52,0
DA:53,0
DA:54,0
DA:58,0
DA:62,0
DA:64,0
DA:66,0
DA:67,0
DA:68,0
DA:69,0
DA:72,0
DA:73,0
DA:74,0
DA:76,0
DA:78,0
DA:79,0
DA:80,0
DA:81,0
DA:84,0
DA:85,0
DA:86,0
DA:88,0
DA:90,0
DA:92,0
DA:96,0
DA:99,0
DA:107,0
DA:163,0
LF:62
LH:0
BRDA:26,0,0,0
BRDA:26,0,1,0
BRDA:29,1,0,0
BRDA:29,1,1,0
BRDA:35,2,0,0
BRDA:35,2,1,0
BRDA:35,3,0,0
BRDA:35,3,1,0
BRDA:40,4,0,0
BRDA:40,5,0,0
BRDA:40,6,0,0
BRDA:42,7,0,0
BRDA:42,7,1,0
BRDA:52,8,0,0
BRDA:52,8,1,0
BRDA:53,9,0,0
BRDA:53,9,1,0
BRDA:68,10,0,0
BRDA:68,10,1,0
BRDA:69,11,0,0
BRDA:69,11,1,0
BRDA:80,12,0,0
BRDA:80,12,1,0
BRDA:81,13,0,0
BRDA:81,13,1,0
BRDA:99,14,0,0
BRDA:99,14,1,0
BRDA:107,15,0,0
BRDA:107,15,1,0
BRDA:107,16,0,0
BRDA:107,16,1,0
BRF:31
BRH:0
end_of_record
TN:
SF:src\app\(dashboard)\reports\purchases\page.tsx
FN:8,PurchasesReportsPage
FN:13,(anonymous_6)
FN:14,checkAuth
FNF:3
FNH:0
FNDA:0,PurchasesReportsPage
FNDA:0,(anonymous_6)
FNDA:0,checkAuth
DA:2,0
DA:3,0
DA:4,0
DA:5,0
DA:6,0
DA:8,0
DA:9,0
DA:10,0
DA:11,0
DA:13,0
DA:15,0
DA:16,0
DA:17,0
DA:19,0
DA:20,0
DA:23,0
DA:26,0
DA:34,0
DA:35,0
LF:19
LH:0
BRDA:16,0,0,0
BRDA:16,0,1,0
BRDA:26,1,0,0
BRDA:26,1,1,0
BRDA:34,2,0,0
BRDA:34,2,1,0
BRDA:34,3,0,0
BRDA:34,3,1,0
BRF:8
BRH:0
end_of_record
TN:
SF:src\app\(dashboard)\reports\sales\page.tsx
FN:8,SalesReportsPage
FN:13,(anonymous_6)
FN:14,checkAuth
FNF:3
FNH:0
FNDA:0,SalesReportsPage
FNDA:0,(anonymous_6)
FNDA:0,checkAuth
DA:2,0
DA:3,0
DA:4,0
DA:5,0
DA:6,0
DA:8,0
DA:9,0
DA:10,0
DA:11,0
DA:13,0
DA:15,0
DA:16,0
DA:17,0
DA:19,0
DA:20,0
DA:23,0
DA:26,0
DA:34,0
DA:35,0
LF:19
LH:0
BRDA:16,0,0,0
BRDA:16,0,1,0
BRDA:26,1,0,0
BRDA:26,1,1,0
BRDA:34,2,0,0
BRDA:34,2,1,0
BRDA:34,3,0,0
BRDA:34,3,1,0
BRF:8
BRH:0
end_of_record
TN:
SF:src\app\(dashboard)\reports\trial-balance\page.tsx
FN:9,TrialBalanceReportPage
FN:14,(anonymous_6)
FN:15,checkAuth
FN:43,(anonymous_8)
FNF:4
FNH:0
FNDA:0,TrialBalanceReportPage
FNDA:0,(anonymous_6)
FNDA:0,checkAuth
FNDA:0,(anonymous_8)
DA:2,0
DA:3,0
DA:4,0
DA:5,0
DA:6,0
DA:7,0
DA:9,0
DA:10,0
DA:11,0
DA:12,0
DA:14,0
DA:16,0
DA:17,0
DA:18,0
DA:20,0
DA:21,0
DA:24,0
DA:27,0
DA:35,0
DA:36,0
DA:43,0
LF:21
LH:0
BRDA:17,0,0,0
BRDA:17,0,1,0
BRDA:27,1,0,0
BRDA:27,1,1,0
BRDA:35,2,0,0
BRDA:35,2,1,0
BRDA:35,3,0,0
BRDA:35,3,1,0
BRF:8
BRH:0
end_of_record
TN:
SF:src\app\(dashboard)\restock\page.tsx
FN:10,RestockPage
FN:16,(anonymous_6)
FN:18,loadRestockData
FN:43,(anonymous_8)
FN:46,(anonymous_9)
FN:47,(anonymous_10)
FN:48,(anonymous_11)
FN:83,(anonymous_12)
FN:87,(anonymous_13)
FN:92,(anonymous_14)
FNF:10
FNH:0
FNDA:0,RestockPage
FNDA:0,(anonymous_6)
FNDA:0,loadRestockData
FNDA:0,(anonymous_8)
FNDA:0,(anonymous_9)
FNDA:0,(anonymous_10)
FNDA:0,(anonymous_11)
FNDA:0,(anonymous_12)
FNDA:0,(anonymous_13)
FNDA:0,(anonymous_14)
DA:3,0
DA:4,0
DA:5,0
DA:6,0
DA:7,0
DA:8,0
DA:10,0
DA:11,0
DA:12,0
DA:13,0
DA:14,0
DA:16,0
DA:17,0
DA:19,0
DA:20,0
DA:21,0
DA:22,0
DA:24,0
DA:26,0
DA:27,0
DA:28,0
DA:29,0
DA:30,0
DA:32,0
DA:36,0
DA:38,0
DA:42,0
DA:43,0
DA:46,0
DA:47,0
DA:48,0
DA:49,0
DA:54,0
DA:62,0
DA:63,0
DA:83,0
DA:87,0
DA:92,0
LF:38
LH:0
BRDA:21,0,0,0
BRDA:21,0,1,0
BRDA:26,1,0,0
BRDA:26,1,1,0
BRDA:29,2,0,0
BRDA:29,2,1,0
BRDA:30,3,0,0
BRDA:30,3,1,0
BRDA:30,4,0,0
BRDA:30,4,1,0
BRDA:38,5,0,0
BRDA:38,5,1,0
BRDA:49,6,0,0
BRDA:49,6,1,0
BRDA:54,7,0,0
BRDA:54,7,1,0
BRDA:62,8,0,0
BRDA:62,8,1,0
BRDA:62,9,0,0
BRDA:62,9,1,0
BRDA:72,10,0,0
BRDA:72,10,1,0
BRDA:92,11,0,0
BRDA:92,11,1,0
BRF:24
BRH:0
end_of_record
TN:
SF:src\app\(dashboard)\returns\page.tsx
FN:9,ReturnsPage
FN:15,(anonymous_6)
FN:16,checkAuth
FNF:3
FNH:0
FNDA:0,ReturnsPage
FNDA:0,(anonymous_6)
FNDA:0,checkAuth
DA:3,0
DA:4,0
DA:5,0
DA:6,0
DA:7,0
DA:9,0
DA:10,0
DA:11,0
DA:12,0
DA:13,0
DA:15,0
DA:17,0
DA:18,0
DA:19,0
DA:20,0
DA:22,0
DA:23,0
DA:24,0
DA:25,0
DA:27,0
DA:30,0
DA:33,0
DA:41,0
DA:42,0
LF:24
LH:0
BRDA:18,0,0,0
BRDA:18,0,1,0
BRDA:24,1,0,0
BRDA:24,1,1,0
BRDA:33,2,0,0
BRDA:33,2,1,0
BRDA:41,3,0,0
BRDA:41,3,1,0
BRDA:41,4,0,0
BRDA:41,4,1,0
BRF:10
BRH:0
end_of_record
TN:
SF:src\app\(dashboard)\returns\new\SalesReturnClient.tsx
FN:10,SalesReturnClient
FN:27,(anonymous_6)
FN:28,fetchInvoices
FN:49,(anonymous_8)
FN:52,(anonymous_9)
FN:63,(anonymous_10)
FN:76,(anonymous_11)
FN:77,(anonymous_12)
FN:88,(anonymous_13)
FN:91,(anonymous_14)
FN:96,(anonymous_15)
FN:99,(anonymous_16)
FN:115,(anonymous_17)
FN:128,(anonymous_18)
FN:136,(anonymous_19)
FN:144,(anonymous_20)
FN:150,(anonymous_21)
FN:151,(anonymous_22)
FN:163,(anonymous_23)
FN:164,(anonymous_24)
FN:166,(anonymous_25)
FN:178,(anonymous_26)
FN:223,(anonymous_27)
FN:235,(anonymous_28)
FN:256,(anonymous_29)
FN:259,(anonymous_30)
FN:325,(anonymous_31)
FN:347,(anonymous_32)
FN:352,(anonymous_33)
FN:418,(anonymous_34)
FN:437,(anonymous_35)
FNF:31
FNH:0
FNDA:0,SalesReturnClient
FNDA:0,(anonymous_6)
FNDA:0,fetchInvoices
FNDA:0,(anonymous_8)
FNDA:0,(anonymous_9)
FNDA:0,(anonymous_10)
FNDA:0,(anonymous_11)
FNDA:0,(anonymous_12)
FNDA:0,(anonymous_13)
FNDA:0,(anonymous_14)
FNDA:0,(anonymous_15)
FNDA:0,(anonymous_16)
FNDA:0,(anonymous_17)
FNDA:0,(anonymous_18)
FNDA:0,(anonymous_19)
FNDA:0,(anonymous_20)
FNDA:0,(anonymous_21)
FNDA:0,(anonymous_22)
FNDA:0,(anonymous_23)
FNDA:0,(anonymous_24)
FNDA:0,(anonymous_25)
FNDA:0,(anonymous_26)
FNDA:0,(anonymous_27)
FNDA:0,(anonymous_28)
FNDA:0,(anonymous_29)
FNDA:0,(anonymous_30)
FNDA:0,(anonymous_31)
FNDA:0,(anonymous_32)
FNDA:0,(anonymous_33)
FNDA:0,(anonymous_34)
FNDA:0,(anonymous_35)
DA:3,0
DA:4,0
DA:5,0
DA:6,0
DA:7,0
DA:8,0
DA:10,0
DA:11,0
DA:12,0
DA:13,0
DA:14,0
DA:15,0
DA:16,0
DA:17,0
DA:18,0
DA:19,0
DA:20,0
DA:21,0
DA:22,0
DA:24,0
DA:27,0
DA:29,0
DA:30,0
DA:31,0
DA:32,0
DA:33,0
DA:34,0
DA:35,0
DA:36,0
DA:39,0
DA:40,0
DA:41,0
DA:42,0
DA:43,0
DA:44,0
DA:48,0
DA:49,0
DA:52,0
DA:53,0
DA:54,0
DA:56,0
DA:57,0
DA:58,0
DA:63,0
DA:64,0
DA:65,0
DA:66,0
DA:67,0
DA:76,0
DA:77,0
DA:79,0
DA:80,0
DA:81,0
DA:84,0
DA:86,0
DA:87,0
DA:88,0
DA:89,0
DA:90,0
DA:91,0
DA:95,0
DA:96,0
DA:99,0
DA:100,0
DA:101,0
DA:102,0
DA:103,0
DA:104,0
DA:107,0
DA:108,0
DA:109,0
DA:111,0
DA:112,0
DA:113,0
DA:115,0
DA:122,0
[...]
BRDA:385,39,1,0
BRDA:387,40,0,0
BRDA:387,40,1,0
BRDA:389,41,0,0
BRDA:389,41,1,0
BRDA:396,42,0,0
BRDA:396,42,1,0
BRDA:397,43,0,0
BRDA:397,43,1,0
BRDA:398,44,0,0
BRDA:398,44,1,0
BRDA:450,45,0,0
BRDA:450,45,1,0
BRDA:451,46,0,0
BRDA:451,46,1,0
BRDA:452,47,0,0
BRDA:452,47,1,0
BRDA:452,48,0,0
BRDA:452,48,1,0
BRDA:454,49,0,0
BRDA:454,49,1,0
BRDA:456,50,0,0
BRDA:456,50,1,0
BRDA:476,51,0,0
BRDA:476,51,1,0
BRDA:477,52,0,0
BRDA:477,52,1,0
BRDA:480,53,0,0
BRDA:480,53,1,0
BRDA:480,54,0,0
BRDA:480,54,1,0
BRDA:482,55,0,0
BRDA:482,55,1,0
BRDA:484,56,0,0
BRDA:484,56,1,0
BRDA:504,57,0,0
BRDA:504,57,1,0
BRDA:505,58,0,0
BRDA:505,58,1,0
BRDA:508,59,0,0
BRDA:508,59,1,0
BRDA:508,60,0,0
BRDA:508,60,1,0
BRDA:510,61,0,0
BRDA:510,61,1,0
BRDA:512,62,0,0
BRDA:512,62,1,0
BRDA:518,63,0,0
BRDA:518,63,1,0
BRF:128
BRH:0
end_of_record
TN:
SF:src\lib\security\csrf.ts
FN:16,generateCSRFToken
FN:28,validateCSRFToken
FN:64,getCSRFTokenFromCookie
FN:73,setCSRFTokenCookie
FN:88,generateAndSetCSRFToken
FN:100,validateCSRFRequest
FN:128,withCSRFProtection
FN:131,(anonymous_16)
FN:158,getCSRFErrorResponse
FNF:9
FNH:0
FNDA:0,generateCSRFToken
FNDA:0,validateCSRFToken
FNDA:0,getCSRFTokenFromCookie
FNDA:0,setCSRFTokenCookie
FNDA:0,generateAndSetCSRFToken
FNDA:0,validateCSRFRequest
FNDA:0,withCSRFProtection
FNDA:0,(anonymous_16)
FNDA:0,getCSRFErrorResponse
DA:6,0
DA:7,0
DA:9,0
DA:10,0
DA:16,0
DA:17,0
DA:18,0
DA:19,0
DA:20,0
DA:28,0
DA:29,0
DA:30,0
DA:33,0
DA:34,0
DA:35,0
DA:37,0
DA:38,0
DA:41,0
DA:44,0
DA:45,0
DA:49,0
DA:50,0
DA:51,0
DA:54,0
DA:56,0
DA:64,0
DA:65,0
DA:66,0
DA:73,0
DA:74,0
DA:75,0
DA:88,0
DA:89,0
DA:90,0
DA:91,0
DA:100,0
DA:105,0
DA:106,0
DA:110,0
DA:111,0
DA:115,0
DA:116,0
DA:120,0
DA:128,0
DA:131,0
DA:133,0
DA:134,0
DA:135,0
DA:139,0
DA:142,0
DA:143,0
DA:144,0
DA:150,0
DA:158,0
DA:159,0
LF:55
LH:0
BRDA:9,0,0,0
BRDA:9,0,1,0
BRDA:29,1,0,0
BRDA:29,1,1,0
BRDA:29,2,0,0
BRDA:29,2,1,0
BRDA:37,3,0,0
BRDA:37,3,1,0
BRDA:44,4,0,0
BRDA:44,4,1,0
BRDA:50,5,0,0
BRDA:50,5,1,0
BRDA:50,6,0,0
BRDA:50,6,1,0
BRDA:66,7,0,0
BRDA:66,7,1,0
BRDA:105,8,0,0
BRDA:105,8,1,0
BRDA:110,9,0,0
BRDA:110,9,1,0
BRDA:110,10,0,0
BRDA:110,10,1,0
BRDA:115,11,0,0
BRDA:115,11,1,0
BRDA:134,12,0,0
BRDA:134,12,1,0
BRDA:143,13,0,0
BRDA:143,13,1,0
BRF:28
BRH:0
end_of_record
TN:
SF:src\lib\security\rate-limit.ts
FN:16,(anonymous_5)
FN:32,rateLimit
FN:84,getRateLimitHeaders
FN:106,clearRateLimit
FN:115,getRateLimitStatus
FNF:5
FNH:0
FNDA:0,(anonymous_5)
FNDA:0,rateLimit
FNDA:0,getRateLimitHeaders
FNDA:0,clearRateLimit
FNDA:0,getRateLimitStatus
DA:13,0
DA:16,0
DA:17,0
DA:18,0
DA:19,0
DA:20,0
DA:32,0
DA:42,0
DA:43,0
DA:46,0
DA:47,0
DA:48,0
DA:52,0
DA:60,0
DA:61,0
DA:62,0
DA:71,0
DA:72,0
DA:84,0
DA:90,0
DA:95,0
DA:96,0
DA:99,0
DA:106,0
DA:107,0
DA:115,0
DA:120,0
DA:121,0
DA:122,0
DA:124,0
LF:30
LH:0
BRDA:19,0,0,0
BRDA:19,0,1,0
BRDA:34,1,0,0
BRDA:35,2,0,0
BRDA:46,3,0,0
BRDA:46,3,1,0
BRDA:46,4,0,0
BRDA:46,4,1,0
BRDA:60,5,0,0
BRDA:60,5,1,0
BRDA:95,6,0,0
BRDA:95,6,1,0
BRDA:95,7,0,0
BRDA:95,7,1,0
BRDA:121,8,0,0
BRDA:121,8,1,0
BRDA:121,9,0,0
BRDA:121,9,1,0
BRF:18
BRH:0
end_of_record
TN:
SF:src\lib\settings\client.ts
FN:4,updatePharmacyClient
FN:67,runDatabaseMaintenanceClient
FN:78,getLocalUsersClient
FNF:3
FNH:0
FNDA:0,updatePharmacyClient
FNDA:0,runDatabaseMaintenanceClient
FNDA:0,getLocalUsersClient
DA:1,0
DA:2,0
DA:4,0
DA:5,0
DA:7,0
DA:8,0
DA:10,0
DA:11,0
DA:17,0
DA:18,0
DA:38,0
DA:39,0
DA:45,0
DA:50,0
DA:55,0
DA:60,0
DA:62,0
DA:63,0
DA:67,0
DA:68,0
DA:69,0
DA:70,0
DA:71,0
DA:73,0
DA:74,0
DA:78,0
DA:79,0
DA:80,0
DA:81,0
DA:83,0
DA:84,0
LF:31
LH:0
BRDA:10,0,0,0
BRDA:10,0,1,0
BRDA:10,1,0,0
BRDA:10,1,1,0
BRDA:17,2,0,0
BRDA:17,2,1,0
BRDA:38,3,0,0
BRDA:38,3,1,0
BRF:8
BRH:0
end_of_record
TN:
SF:src\lib\shifts\service.ts
FN:46,startShift
FN:74,closeShift
FN:108,mapShiftRow
FN:133,getShift
FN:149,getOpenShift
FN:166,getPharmacyShifts
FN:226,getShiftStatistics
FN:301,calculateExpectedCash
FN:359,getShiftDiscrepancy
FN:391,verifyShift
FN:427,getUserShiftHistory
FN:461,getCurrentShift
FN:470,hasOpenShift
FN:479,getShiftSalesSummary
FNF:14
FNH:14
FNDA:2,startShift
FNDA:4,closeShift
FNDA:31,mapShiftRow
FNDA:19,getShift
FNDA:7,getOpenShift
FNDA:2,getPharmacyShifts
FNDA:1,getShiftStatistics
FNDA:4,calculateExpectedCash
FNDA:2,getShiftDiscrepancy
FNDA:2,verifyShift
FNDA:1,getUserShiftHistory
FNDA:1,getCurrentShift
FNDA:2,hasOpenShift
FNDA:1,getShiftSalesSummary
DA:1,1
DA:2,1
DA:3,1
DA:6,1
DA:24,1
DA:32,1
DA:46,2
DA:52,2
DA:53,2
DA:54,1
DA:57,1
DA:59,1
DA:65,1
DA:74,4
DA:78,4
DA:80,4
DA:81,1
DA:84,3
DA:85,1
DA:89,2
DA:92,2
DA:93,2
DA:95,2
DA:105,2
DA:109,31
DA:110,26
DA:133,2
DA:134,19
DA:141,19
DA:149,2
DA:150,7
DA:157,7
DA:166,2
DA:177,2
DA:183,2
DA:185,2
DA:186,1
DA:187,1
DA:190,2
DA:191,0
DA:192,0
DA:195,2
DA:196,0
DA:197,0
DA:200,2
DA:201,0
DA:202,0
DA:205,2
DA:207,2
DA:208,0
DA:209,0
DA:212,2
DA:213,0
DA:214,0
DA:217,2
DA:226,1
DA:240,1
DA:250,1
DA:252,1
DA:253,0
DA:254,0
DA:257,1
DA:258,0
DA:259,0
DA:262,1
DA:265,1
DA:286,1
DA:301,1
DA:302,4
DA:304,4
DA:305,0
DA:309,4
DA:319,4
DA:329,4
DA:347,4
DA:348,4
DA:349,4
DA:351,4
DA:359,2
DA:365,2
DA:367,2
DA:368,1
DA:371,1
DA:372,1
DA:373,1
DA:374,1
DA:376,1
DA:391,2
DA:396,2
DA:398,2
DA:399,0
DA:402,2
DA:403,1
DA:406,1
DA:418,1
DA:427,1
DA:434,1
DA:441,1
DA:443,1
DA:444,0
DA:445,0
DA:448,1
DA:449,0
DA:450,0
DA:453,1
DA:461,1
DA:462,1
DA:470,2
DA:471,2
DA:479,1
DA:486,1
DA:488,1
DA:489,0
DA:492,1
DA:505,1
DA:516,1
LF:116
LH:95
BRDA:53,0,0,1
BRDA:53,0,1,1
BRDA:62,1,0,1
BRDA:62,1,1,0
BRDA:80,2,0,1
BRDA:80,2,1,3
BRDA:84,3,0,1
BRDA:84,3,1,2
BRDA:93,4,0,1
BRDA:93,4,1,1
BRDA:102,5,0,2
BRDA:102,5,1,0
BRDA:109,6,0,5
BRDA:109,6,1,26
BRDA:115,7,0,4
BRDA:115,7,1,22
BRDA:116,8,0,26
BRDA:116,8,1,26
BRDA:117,9,0,26
BRDA:117,9,1,26
BRDA:119,10,0,1
BRDA:119,10,1,25
BRDA:121,11,0,0
BRDA:121,11,1,26
BRDA:122,12,0,0
BRDA:122,12,1,26
BRDA:123,13,0,26
BRDA:123,13,1,2
BRDA:124,14,0,26
BRDA:124,14,1,1
BRDA:185,15,0,1
BRDA:185,15,1,1
BRDA:190,16,0,0
BRDA:190,16,1,2
BRDA:195,17,0,0
BRDA:195,17,1,2
BRDA:200,18,0,0
BRDA:200,18,1,2
BRDA:207,19,0,0
BRDA:207,19,1,2
BRDA:212,20,0,0
BRDA:212,20,1,2
BRDA:252,21,0,0
BRDA:252,21,1,1
BRDA:257,22,0,0
BRDA:257,22,1,1
BRDA:275,23,0,0
BRDA:275,23,1,1
BRDA:276,24,0,0
BRDA:276,24,1,1
BRDA:277,25,0,0
BRDA:277,25,1,1
BRDA:277,26,0,1
BRDA:277,26,1,0
BRDA:279,27,0,0
BRDA:279,27,1,1
BRDA:281,28,0,0
BRDA:281,28,1,1
BRDA:287,29,0,1
BRDA:287,29,1,0
BRDA:288,30,0,1
BRDA:288,30,1,0
BRDA:289,31,0,1
BRDA:289,31,1,0
BRDA:290,32,0,1
BRDA:290,32,1,0
BRDA:291,33,0,1
BRDA:291,33,1,0
BRDA:292,34,0,1
BRDA:292,34,1,0
BRDA:304,35,0,0
BRDA:304,35,1,4
BRDA:312,36,0,0
BRDA:312,36,1,4
BRDA:314,37,0,0
BRDA:314,37,1,4
BRDA:322,38,0,0
BRDA:322,38,1,4
BRDA:324,39,0,0
BRDA:324,39,1,4
BRDA:332,40,0,0
BRDA:332,40,1,4
BRDA:333,41,0,0
BRDA:333,41,1,4
BRDA:337,42,0,0
BRDA:337,42,1,0
BRDA:337,43,0,0
BRDA:337,43,1,0
BRDA:338,44,0,0
BRDA:338,44,1,0
BRDA:338,45,0,0
BRDA:338,45,1,0
BRDA:343,46,0,4
BRDA:343,46,1,2
BRDA:343,47,0,4
BRDA:343,47,1,2
BRDA:347,48,0,4
BRDA:347,48,1,0
BRDA:348,49,0,4
BRDA:348,49,1,4
BRDA:349,50,0,4
BRDA:349,50,1,4
BRDA:367,51,0,1
BRDA:367,51,1,1
BRDA:367,52,0,2
BRDA:367,52,1,2
BRDA:372,53,0,1
BRDA:372,53,1,0
BRDA:374,54,0,1
BRDA:374,54,1,0
BRDA:398,55,0,0
BRDA:398,55,1,2
BRDA:402,56,0,1
BRDA:402,56,1,1
BRDA:415,57,0,1
BRDA:415,57,1,0
BRDA:415,58,0,1
BRDA:415,58,1,0
BRDA:443,59,0,0
BRDA:443,59,1,1
BRDA:448,60,0,0
BRDA:448,60,1,1
BRDA:488,61,0,0
BRDA:488,61,1,1
BRDA:499,62,0,1
BRDA:499,62,1,0
BRDA:500,63,0,1
BRDA:500,63,1,0
BRDA:510,64,0,1
BRDA:510,64,1,0
BRDA:511,65,0,1
BRDA:511,65,1,0
BRDA:517,66,0,1
BRDA:517,66,1,0
BRDA:518,67,0,1
BRDA:518,67,1,0
BRDA:519,68,0,1
BRDA:519,68,1,0
BRDA:520,69,0,1
BRDA:520,69,1,0
BRDA:521,70,0,1
BRDA:521,70,1,0
BRF:142
BRH:86
end_of_record
TN:
SF:src\lib\sync\client.ts
FN:4,syncFromCloudClient
FN:90,(anonymous_2)
FN:159,(anonymous_3)
FN:194,(anonymous_4)
FN:230,(anonymous_5)
FNF:5
FNH:0
FNDA:0,syncFromCloudClient
FNDA:0,(anonymous_2)
FNDA:0,(anonymous_3)
FNDA:0,(anonymous_4)
FNDA:0,(anonymous_5)
DA:1,0
DA:2,0
DA:4,0
DA:5,0
DA:6,0
DA:9,0
DA:10,0
DA:11,0
DA:12,0
DA:14,0
DA:15,0
DA:16,0
DA:21,0
DA:23,0
DA:25,0
DA:29,0
DA:38,0
DA:46,0
DA:47,0
DA:49,0
DA:50,0
DA:52,0
DA:55,0
DA:56,0
DA:57,0
DA:58,0
DA:59,0
DA:61,0
DA:62,0
DA:69,0
DA:70,0
DA:71,0
DA:74,0
DA:75,0
DA:76,0
DA:77,0
DA:79,0
DA:83,0
DA:85,0
DA:86,0
DA:87,0
DA:88,0
DA:89,0
DA:90,0
DA:91,0
DA:104,0
DA:105,0
DA:106,0
DA:117,0
DA:122,0
DA:125,0
DA:126,0
DA:127,0
DA:128,0
DA:130,0
DA:131,0
DA:138,0
DA:139,0
DA:140,0
DA:143,0
DA:144,0
DA:145,0
DA:146,0
DA:148,0
DA:152,0
DA:154,0
DA:155,0
DA:156,0
DA:157,0
DA:158,0
DA:159,0
DA:160,0
DA:167,0
DA:168,0
DA:169,0
DA:175,0
DA:180,0
DA:183,0
DA:184,0
DA:186,0
DA:187,0
DA:191,0
DA:193,0
DA:194,0
DA:195,0
DA:197,0
DA:198,0
DA:200,0
DA:201,0
DA:204,0
DA:205,0
DA:208,0
DA:209,0
DA:211,0
DA:229,0
DA:230,0
DA:231,0
DA:232,0
DA:238,0
DA:240,0
DA:247,0
DA:248,0
LF:102
LH:0
BRDA:12,0,0,0
BRDA:12,0,1,0
BRDA:15,1,0,0
BRDA:15,1,1,0
BRDA:15,2,0,0
BRDA:15,2,1,0
BRDA:23,3,0,0
BRDA:23,3,1,0
BRDA:31,4,0,0
BRDA:31,4,1,0
BRDA:49,5,0,0
BRDA:49,5,1,0
BRDA:50,6,0,0
BRDA:50,6,1,0
BRDA:69,7,0,0
BRDA:69,7,1,0
BRDA:74,8,0,0
BRDA:74,8,1,0
BRDA:74,9,0,0
BRDA:74,9,1,0
BRDA:77,10,0,0
BRDA:77,10,1,0
BRDA:85,11,0,0
BRDA:85,11,1,0
BRDA:108,12,0,0
BRDA:108,12,1,0
BRDA:111,13,0,0
BRDA:111,13,1,0
BRDA:112,14,0,0
BRDA:112,14,1,0
BRDA:113,15,0,0
BRDA:113,15,1,0
BRDA:114,16,0,0
BRDA:114,16,1,0
BRDA:138,17,0,0
BRDA:138,17,1,0
BRDA:143,18,0,0
BRDA:143,18,1,0
BRDA:143,19,0,0
BRDA:143,19,1,0
BRDA:146,20,0,0
BRDA:146,20,1,0
BRDA:154,21,0,0
BRDA:154,21,1,0
BRDA:186,22,0,0
BRDA:186,22,1,0
BRDA:193,23,0,0
BRDA:193,23,1,0
BRDA:198,24,0,0
BRDA:198,24,1,0
BRDA:200,25,0,0
BRDA:200,25,1,0
BRDA:201,26,0,0
BRDA:201,26,1,0
BRDA:204,27,0,0
BRDA:204,27,1,0
BRDA:222,28,0,0
BRDA:222,28,1,0
BRDA:223,29,0,0
BRDA:223,29,1,0
BRDA:229,30,0,0
BRDA:229,30,1,0
BRF:62
BRH:0
end_of_record
TN:
SF:src\lib\sync\universal.ts
FN:4,syncFromCloud
FN:7,(anonymous_5)
FN:13,(anonymous_6)
FN:17,(anonymous_7)
FNF:4
FNH:0
FNDA:0,syncFromCloud
FNDA:0,(anonymous_5)
FNDA:0,(anonymous_6)
FNDA:0,(anonymous_7)
DA:2,0
DA:4,0
DA:5,0
DA:6,0
DA:7,0
DA:8,0
DA:10,0
DA:12,0
DA:13,0
DA:14,0
DA:16,0
DA:17,0
DA:18,0
LF:13
LH:0
BRDA:5,0,0,0
BRDA:5,0,1,0
BRF:2
BRH:0
end_of_record
TN:
SF:src\lib\users\service.ts
FN:51,createPharmacy
FN:79,getPharmacy
FN:88,updatePharmacy
FN:148,deletePharmacy
FN:158,getPharmacyUsers
FN:174,createUser
FN:223,getUser
FN:237,updateUser
FN:285,deleteUser
FN:295,deactivateUser
FN:308,activateUser
FN:322,resetUserPassword
FN:341,getUserPermissions
FN:360,updateUserPermissions
FN:377,usernameExists
FN:391,getUserByUsername
FN:405,getPharmacyStats
FNF:17
FNH:0
FNDA:0,createPharmacy
FNDA:0,getPharmacy
FNDA:0,updatePharmacy
FNDA:0,deletePharmacy
FNDA:0,getPharmacyUsers
FNDA:0,createUser
FNDA:0,getUser
FNDA:0,updateUser
FNDA:0,deleteUser
FNDA:0,deactivateUser
FNDA:0,activateUser
FNDA:0,resetUserPassword
FNDA:0,getUserPermissions
FNDA:0,updateUserPermissions
FNDA:0,usernameExists
FNDA:0,getUserByUsername
FNDA:0,getPharmacyStats
DA:1,0
DA:2,0
DA:3,0
DA:4,0
DA:5,0
DA:8,0
DA:19,0
DA:26,0
DA:40,0
DA:51,0
DA:52,0
DA:54,0
DA:71,0
DA:79,0
DA:80,0
DA:88,0
DA:89,0
DA:90,0
DA:92,0
DA:93,0
DA:94,0
DA:96,0
DA:97,0
DA:98,0
DA:100,0
DA:101,0
DA:102,0
DA:104,0
DA:105,0
DA:106,0
DA:108,0
DA:109,0
DA:110,0
DA:112,0
DA:113,0
DA:114,0
DA:116,0
DA:117,0
DA:118,0
DA:120,0
DA:121,0
DA:122,0
DA:124,0
DA:125,0
DA:126,0
DA:129,0
DA:130,0
DA:133,0
DA:135,0
DA:140,0
DA:148,0
DA:149,0
DA:150,0
DA:158,0
DA:159,0
DA:174,0
DA:179,0
DA:182,0
DA:187,0
DA:188,0
DA:192,0
DA:196,0
DA:199,0
DA:200,0
DA:215,0
DA:223,0
DA:224,0
DA:237,0
DA:239,0
DA:241,0
DA:242,0
DA:244,0
DA:245,0
DA:246,0
DA:248,0
DA:249,0
DA:250,0
DA:252,0
DA:253,0
DA:254,0
DA:256,0
DA:257,0
DA:258,0
DA:261,0
DA:262,0
DA:263,0
DA:266,0
DA:267,0
DA:270,0
DA:272,0
DA:277,0
DA:285,0
DA:286,0
DA:287,0
DA:295,0
DA:296,0
DA:300,0
DA:308,0
DA:309,0
DA:313,0
DA:322,0
DA:326,0
DA:328,0
DA:333,0
DA:341,0
DA:342,0
DA:347,0
DA:348,0
DA:351,0
DA:360,0
DA:364,0
DA:369,0
DA:377,0
DA:378,0
DA:383,0
DA:391,0
DA:392,0
DA:405,0
DA:406,0
DA:411,0
DA:416,0
DA:421,0
DA:426,0
LF:123
LH:0
BRDA:60,0,0,0
BRDA:60,0,1,0
BRDA:61,1,0,0
BRDA:61,1,1,0
BRDA:62,2,0,0
BRDA:62,2,1,0
BRDA:63,3,0,0
BRDA:63,3,1,0
BRDA:64,4,0,0
BRDA:64,4,1,0
BRDA:65,5,0,0
BRDA:65,5,1,0
BRDA:66,6,0,0
BRDA:66,6,1,0
BRDA:67,7,0,0
BRDA:67,7,1,0
BRDA:92,8,0,0
BRDA:92,8,1,0
BRDA:96,9,0,0
BRDA:96,9,1,0
BRDA:100,10,0,0
BRDA:100,10,1,0
BRDA:104,11,0,0
BRDA:104,11,1,0
BRDA:108,12,0,0
BRDA:108,12,1,0
BRDA:112,13,0,0
BRDA:112,13,1,0
BRDA:116,14,0,0
BRDA:116,14,1,0
BRDA:120,15,0,0
BRDA:120,15,1,0
BRDA:124,16,0,0
BRDA:124,16,1,0
BRDA:129,17,0,0
BRDA:129,17,1,0
BRDA:187,18,0,0
BRDA:187,18,1,0
BRDA:196,19,0,0
BRDA:196,19,1,0
BRDA:209,20,0,0
BRDA:209,20,1,0
BRDA:211,21,0,0
BRDA:211,21,1,0
BRDA:244,22,0,0
BRDA:244,22,1,0
BRDA:248,23,0,0
BRDA:248,23,1,0
BRDA:252,24,0,0
BRDA:252,24,1,0
BRDA:256,25,0,0
BRDA:256,25,1,0
BRDA:258,26,0,0
BRDA:258,26,1,0
BRDA:261,27,0,0
BRDA:261,27,1,0
BRDA:266,28,0,0
BRDA:266,28,1,0
BRDA:347,29,0,0
BRDA:347,29,1,0
BRDA:427,30,0,0
BRDA:427,30,1,0
BRDA:428,31,0,0
BRDA:428,31,1,0
BRDA:429,32,0,0
BRDA:429,32,1,0
BRDA:430,33,0,0
BRDA:430,33,1,0
BRF:68
BRH:0
end_of_record
TN:
SF:src\lib\utils\performance.ts
FN:19,(anonymous_8)
FN:22,(anonymous_9)
FN:34,(anonymous_10)
FN:60,(anonymous_11)
FN:61,(anonymous_12)
FN:68,(anonymous_13)
FN:77,(anonymous_14)
FN:92,(anonymous_15)
FN:92,(anonymous_16)
FN:94,(anonymous_17)
FN:115,(anonymous_18)
FN:124,(anonymous_19)
FN:125,(anonymous_20)
FN:132,(anonymous_21)
FN:142,(anonymous_22)
FN:145,(anonymous_23)
FN:164,measurePerformance
FN:165,(anonymous_26)
FN:172,(anonymous_27)
FN:193,measureAsync
FN:212,measureSync
FN:228,debounce
FN:234,executedFunction
FN:235,(anonymous_32)
FN:254,throttle
FN:260,executedFunction
FN:264,(anonymous_35)
FN:274,memoize
FN:279,executedFunction
FNF:29
FNH:0
FNDA:0,(anonymous_8)
FNDA:0,(anonymous_9)
FNDA:0,(anonymous_10)
FNDA:0,(anonymous_11)
FNDA:0,(anonymous_12)
FNDA:0,(anonymous_13)
FNDA:0,(anonymous_14)
FNDA:0,(anonymous_15)
FNDA:0,(anonymous_16)
FNDA:0,(anonymous_17)
FNDA:0,(anonymous_18)
FNDA:0,(anonymous_19)
FNDA:0,(anonymous_20)
FNDA:0,(anonymous_21)
FNDA:0,(anonymous_22)
FNDA:0,(anonymous_23)
FNDA:0,measurePerformance
FNDA:0,(anonymous_26)
FNDA:0,(anonymous_27)
FNDA:0,measureAsync
FNDA:0,measureSync
FNDA:0,debounce
FNDA:0,executedFunction
FNDA:0,(anonymous_32)
FNDA:0,throttle
FNDA:0,executedFunction
FNDA:0,(anonymous_35)
FNDA:0,memoize
FNDA:0,executedFunction
DA:11,0
DA:12,0
DA:20,0
DA:22,0
DA:23,0
DA:24,0
DA:35,0
DA:42,0
DA:45,0
DA:46,0
DA:50,0
DA:51,0
DA:61,0
DA:69,0
DA:86,0
DA:88,0
DA:89,0
DA:92,0
DA:94,0
DA:95,0
DA:97,0
DA:98,0
DA:99,0
DA:101,0
DA:116,0
DA:125,0
DA:138,0
DA:139,0
DA:141,0
DA:142,0
DA:144,0
DA:145,0
DA:148,0
DA:158,0
DA:164,0
DA:165,0
DA:170,0
DA:172,0
DA:173,0
DA:175,0
DA:176,0
DA:177,0
DA:179,0
DA:183,0
DA:193,0
DA:197,0
DA:199,0
DA:200,0
DA:202,0
DA:212,0
DA:213,0
DA:215,0
DA:216,0
DA:218,0
DA:228,0
DA:232,0
DA:234,0
DA:235,0
DA:236,0
DA:237,0
DA:240,0
DA:241,0
DA:244,0
DA:254,0
DA:260,0
DA:261,0
DA:262,0
DA:263,0
DA:264,0
DA:274,0
DA:277,0
DA:279,0
DA:280,0
DA:282,0
DA:283,0
DA:286,0
DA:287,0
DA:289,0
LF:78
LH:0
BRDA:45,0,0,0
BRDA:45,0,1,0
BRDA:50,1,0,0
BRDA:50,1,1,0
BRDA:88,2,0,0
BRDA:88,2,1,0
BRDA:124,3,0,0
BRDA:141,4,0,0
BRDA:141,4,1,0
BRDA:240,5,0,0
BRDA:240,5,1,0
BRDA:261,6,0,0
BRDA:261,6,1,0
BRDA:282,7,0,0
BRDA:282,7,1,0
BRF:15
BRH:0
end_of_record
TN:
SF:src\lib\utils\printing.ts
FN:1,(anonymous_5)
FN:10,(anonymous_6)
FN:23,(anonymous_7)
FN:35,(anonymous_8)
FN:169,(anonymous_9)
FN:184,(anonymous_10)
FN:185,(anonymous_11)
FN:188,(anonymous_12)
FN:197,(anonymous_13)
FN:198,(anonymous_14)
FNF:10
FNH:0
FNDA:0,(anonymous_5)
FNDA:0,(anonymous_6)
FNDA:0,(anonymous_7)
FNDA:0,(anonymous_8)
FNDA:0,(anonymous_9)
FNDA:0,(anonymous_10)
FNDA:0,(anonymous_11)
FNDA:0,(anonymous_12)
FNDA:0,(anonymous_13)
FNDA:0,(anonymous_14)
DA:1,0
DA:2,0
DA:10,0
DA:11,0
DA:12,0
DA:15,0
DA:16,0
DA:17,0
DA:19,0
DA:20,0
DA:21,0
DA:23,0
DA:24,0
DA:26,0
DA:33,0
DA:35,0
DA:36,0
DA:37,0
DA:38,0
DA:39,0
DA:41,0
DA:51,0
DA:169,0
DA:170,0
DA:171,0
DA:172,0
DA:173,0
DA:174,0
DA:175,0
DA:177,0
DA:178,0
DA:180,0
DA:181,0
DA:182,0
DA:184,0
DA:185,0
DA:186,0
DA:187,0
DA:188,0
DA:189,0
DA:190,0
DA:197,0
DA:198,0
DA:199,0
DA:202,0
LF:45
LH:0
BRDA:12,0,0,0
BRDA:12,0,1,0
BRDA:15,1,0,0
BRDA:15,1,1,0
BRDA:23,2,0,0
BRDA:23,2,1,0
BRDA:33,3,0,0
BRDA:33,3,1,0
BRDA:35,4,0,0
BRDA:35,4,1,0
BRDA:36,5,0,0
BRDA:36,5,1,0
BRDA:36,5,2,0
BRDA:36,5,3,0
BRDA:36,5,4,0
BRDA:37,6,0,0
BRDA:37,6,1,0
BRDA:37,7,0,0
BRDA:37,7,1,0
BRDA:37,8,0,0
BRDA:37,8,1,0
BRDA:37,9,0,0
BRDA:37,9,1,0
BRDA:137,10,0,0
BRDA:137,10,1,0
BRDA:177,11,0,0
BRDA:177,11,1,0
BRDA:178,12,0,0
BRDA:178,12,1,0
BRDA:189,13,0,0
BRDA:189,13,1,0
BRDA:199,14,0,0
BRDA:199,14,1,0
BRDA:199,14,2,0
BRDA:199,14,3,0
BRDA:214,15,0,0
BRDA:214,15,1,0
BRF:37
BRH:0
end_of_record
TN:
SF:src\scripts\importInteractions.ts
FN:11,importInteractionsFromCSV
FN:50,(anonymous_3)
FN:86,(anonymous_4)
FNF:3
FNH:2
FNDA:1,importInteractionsFromCSV
FNDA:39,(anonymous_3)
FNDA:0,(anonymous_4)
DA:1,1
DA:2,1
DA:3,1
DA:4,1
DA:6,1
DA:11,1
DA:12,1
DA:14,1
DA:15,0
DA:16,0
DA:19,1
DA:21,1
DA:36,1
DA:37,1
DA:42,1
DA:44,1
DA:50,1
DA:51,39
DA:54,191541
DA:64,1
DA:67,1
DA:68,1
DA:69,39
DA:70,39
DA:71,39
DA:74,1
DA:75,1
DA:77,0
DA:78,0
DA:83,1
DA:84,0
DA:85,0
DA:86,0
LF:33
LH:26
BRDA:14,0,0,0
BRDA:14,0,1,1
BRDA:71,1,0,8
BRDA:71,1,1,31
BRDA:83,2,0,0
BRDA:83,2,1,1
BRF:6
BRH:4
end_of_record
TN:
SF:src\store\usePOSStore.ts
FN:66,(anonymous_1)
FN:75,(anonymous_2)
FN:75,(anonymous_3)
FN:78,(anonymous_4)
FN:78,(anonymous_5)
FN:81,(anonymous_6)
FN:81,(anonymous_7)
FN:84,(anonymous_8)
FN:84,(anonymous_9)
FN:87,(anonymous_10)
FN:87,(anonymous_11)
FN:90,(anonymous_12)
FN:90,(anonymous_13)
FN:93,(anonymous_14)
FN:93,(anonymous_15)
FN:97,(anonymous_16)
FN:109,(anonymous_17)
FNF:17
FNH:13
FNDA:3,(anonymous_1)
FNDA:26,(anonymous_2)
FNDA:26,(anonymous_3)
FNDA:1,(anonymous_4)
FNDA:1,(anonymous_5)
FNDA:2,(anonymous_6)
FNDA:2,(anonymous_7)
FNDA:0,(anonymous_8)
FNDA:0,(anonymous_9)
FNDA:7,(anonymous_10)
FNDA:7,(anonymous_11)
FNDA:4,(anonymous_12)
FNDA:4,(anonymous_13)
FNDA:0,(anonymous_14)
FNDA:0,(anonymous_15)
FNDA:27,(anonymous_16)
FNDA:3,(anonymous_17)
DA:1,3
DA:2,3
DA:64,77
DA:66,3
DA:75,26
DA:78,1
DA:81,2
DA:84,0
DA:87,7
DA:90,4
DA:93,0
DA:97,27
DA:109,3
LF:13
LH:11
BRDA:76,0,0,10
BRDA:76,0,1,16
BRDA:79,1,0,0
BRDA:79,1,1,1
BRDA:82,2,0,0
BRDA:82,2,1,2
BRDA:85,3,0,0
BRDA:85,3,1,0
BRDA:88,4,0,0
BRDA:88,4,1,7
BRDA:91,5,0,0
BRDA:91,5,1,4
BRDA:94,6,0,0
BRDA:94,6,1,0
BRF:14
BRH:6
end_of_record
TN:
SF:src\tests\synthetic-data.ts
FN:4,generateSyntheticData
FNF:1
FNH:0
FNDA:0,generateSyntheticData
DA:1,0
DA:4,0
DA:5,0
DA:7,0
DA:21,0
DA:23,0
DA:24,0
DA:38,0
DA:41,0
DA:42,0
DA:47,0
DA:50,0
DA:51,0
DA:56,0
DA:58,0
DA:60,0
DA:61,0
LF:17
LH:0
BRDA:4,0,0,0
BRDA:7,1,0,0
BRDA:7,1,1,0
BRF:3
BRH:0
end_of_record
TN:
SF:src\tests\mocks\uuid.js
FN:3,v4
FN:7,(anonymous_1)
FNF:2
FNH:0
FNDA:0,v4
FNDA:0,(anonymous_1)
DA:1,0
DA:4,0
DA:5,0
DA:7,0
DA:8,0
DA:9,0
DA:10,0
DA:14,0
LF:8
LH:0
BRDA:4,0,0,0
BRDA:4,0,1,0
BRDA:9,1,0,0
BRDA:9,1,1,0
BRF:4
BRH:0
end_of_record
TN:
SF:src\utils\supabase\client.ts
FN:3,createClient
FNF:1
FNH:0
FNDA:0,createClient
DA:1,0
DA:3,0
DA:4,0
DA:5,0
DA:6,0
LF:5
LH:0
BRDA:4,0,0,0
BRDA:4,0,1,0
BRDA:5,1,0,0
BRDA:5,1,1,0
BRF:4
BRH:0
end_of_record
TN:
SF:src\utils\supabase\middleware.ts
FN:4,updateSession
FN:14,(anonymous_2)
FN:26,(anonymous_3)
FN:29,(anonymous_4)
FN:46,(anonymous_5)
FNF:5
FNH:0
FNDA:0,updateSession
FNDA:0,(anonymous_2)
FNDA:0,(anonymous_3)
FNDA:0,(anonymous_4)
FNDA:0,(anonymous_5)
DA:1,0
DA:2,0
DA:4,0
DA:5,0
DA:13,0
DA:14,0
DA:17,0
DA:18,0
DA:21,0
DA:27,0
DA:30,0
DA:35,0
DA:40,0
DA:47,0
DA:52,0
DA:57,0
DA:67,0
DA:69,0
LF:18
LH:0
BRDA:17,0,0,0
BRDA:17,0,1,0
BRF:2
BRH:0
end_of_record
TN:
SF:src\utils\supabase\server.ts
FN:4,createClient
FN:12,(anonymous_2)
FN:15,(anonymous_3)
FN:20,(anonymous_4)
FNF:4
FNH:0
FNDA:0,createClient
FNDA:0,(anonymous_2)
FNDA:0,(anonymous_3)
FNDA:0,(anonymous_4)
DA:1,0
DA:2,0
DA:4,0
DA:5,0
DA:7,0
DA:13,0
DA:16,0
DA:17,0
DA:21,0
DA:22,0
DA:29,0
LF:11
LH:0
BRF:0
BRH:0
end_of_record
